2022-10-04T03:37:54: PM2 log: ===============================================================================
2022-10-04T03:37:54: PM2 log: --- New PM2 Daemon started ----------------------------------------------------
2022-10-04T03:37:54: PM2 log: Time                 : Tue Oct 04 2022 03:37:54 GMT+0000 (Coordinated Universal Time)
2022-10-04T03:37:54: PM2 log: PM2 version          : 5.2.0
2022-10-04T03:37:54: PM2 log: Node.js version      : 18.9.1
2022-10-04T03:37:54: PM2 log: Current arch         : x64
2022-10-04T03:37:54: PM2 log: PM2 home             : /home/dpcsdev/.pm2
2022-10-04T03:37:54: PM2 log: PM2 PID file         : /home/dpcsdev/.pm2/pm2.pid
2022-10-04T03:37:54: PM2 log: RPC socket file      : /home/dpcsdev/.pm2/rpc.sock
2022-10-04T03:37:54: PM2 log: BUS socket file      : /home/dpcsdev/.pm2/pub.sock
2022-10-04T03:37:54: PM2 log: Application log path : /home/dpcsdev/.pm2/logs
2022-10-04T03:37:54: PM2 log: Worker Interval      : 30000
2022-10-04T03:37:54: PM2 log: Process dump file    : /home/dpcsdev/.pm2/dump.pm2
2022-10-04T03:37:54: PM2 log: Concurrent actions   : 2
2022-10-04T03:37:54: PM2 log: SIGTERM timeout      : 1600
2022-10-04T03:37:54: PM2 log: ===============================================================================
2022-10-11T13:39:33: PM2 log: pm2 has been killed by signal, dumping process list before exit...
2022-10-11T13:39:33: PM2 log: Exited peacefully
2022-10-26T03:42:17: PM2 log: ===============================================================================
2022-10-26T03:42:17: PM2 log: --- New PM2 Daemon started ----------------------------------------------------
2022-10-26T03:42:17: PM2 log: Time                 : Wed Oct 26 2022 03:42:17 GMT+0000 (Coordinated Universal Time)
2022-10-26T03:42:17: PM2 log: PM2 version          : 5.2.0
2022-10-26T03:42:17: PM2 log: Node.js version      : 18.9.1
2022-10-26T03:42:17: PM2 log: Current arch         : x64
2022-10-26T03:42:17: PM2 log: PM2 home             : /home/dpcsdev/.pm2
2022-10-26T03:42:17: PM2 log: PM2 PID file         : /home/dpcsdev/.pm2/pm2.pid
2022-10-26T03:42:17: PM2 log: RPC socket file      : /home/dpcsdev/.pm2/rpc.sock
2022-10-26T03:42:17: PM2 log: BUS socket file      : /home/dpcsdev/.pm2/pub.sock
2022-10-26T03:42:17: PM2 log: Application log path : /home/dpcsdev/.pm2/logs
2022-10-26T03:42:17: PM2 log: Worker Interval      : 30000
2022-10-26T03:42:17: PM2 log: Process dump file    : /home/dpcsdev/.pm2/dump.pm2
2022-10-26T03:42:17: PM2 log: Concurrent actions   : 2
2022-10-26T03:42:17: PM2 log: SIGTERM timeout      : 1600
2022-10-26T03:42:17: PM2 log: ===============================================================================
2022-10-26T04:15:25: PM2 log: App [DKAPI:0] starting in -fork mode-
2022-10-26T04:15:25: PM2 log: App [DKAPI:0] online
2022-10-26T04:15:27: PM2 log: App [DKAPI:0] exited with code [1] via signal [SIGINT]
2022-10-26T04:15:27: PM2 log: App [DKAPI:0] starting in -fork mode-
2022-10-26T04:15:27: PM2 log: App [DKAPI:0] online
2022-10-26T04:15:29: PM2 log: App [DKAPI:0] exited with code [1] via signal [SIGINT]
2022-10-26T04:15:29: PM2 log: App [DKAPI:0] starting in -fork mode-
2022-10-26T04:15:29: PM2 log: App [DKAPI:0] online
2022-10-26T04:15:31: PM2 log: App [DKAPI:0] exited with code [1] via signal [SIGINT]
2022-10-26T04:15:31: PM2 log: App [DKAPI:0] starting in -fork mode-
2022-10-26T04:15:31: PM2 log: App [DKAPI:0] online
2022-10-26T04:15:33: PM2 log: App [DKAPI:0] exited with code [1] via signal [SIGINT]
2022-10-26T04:15:33: PM2 log: App [DKAPI:0] starting in -fork mode-
2022-10-26T04:15:33: PM2 log: App [DKAPI:0] online
2022-10-26T04:15:35: PM2 log: App [DKAPI:0] exited with code [1] via signal [SIGINT]
2022-10-26T04:15:35: PM2 log: App [DKAPI:0] starting in -fork mode-
2022-10-26T04:15:35: PM2 log: App [DKAPI:0] online
2022-10-26T04:15:37: PM2 log: App [DKAPI:0] exited with code [1] via signal [SIGINT]
2022-10-26T04:15:37: PM2 log: App [DKAPI:0] starting in -fork mode-
2022-10-26T04:15:37: PM2 log: App [DKAPI:0] online
2022-10-26T04:15:39: PM2 log: App [DKAPI:0] exited with code [1] via signal [SIGINT]
2022-10-26T04:15:40: PM2 log: App [DKAPI:0] starting in -fork mode-
2022-10-26T04:15:40: PM2 log: App [DKAPI:0] online
2022-10-26T04:15:42: PM2 log: App [DKAPI:0] exited with code [1] via signal [SIGINT]
2022-10-26T04:15:42: PM2 log: App [DKAPI:0] starting in -fork mode-
2022-10-26T04:15:42: PM2 log: App [DKAPI:0] online
2022-10-26T04:15:44: PM2 log: App [DKAPI:0] exited with code [1] via signal [SIGINT]
2022-10-26T04:15:44: PM2 log: App [DKAPI:0] starting in -fork mode-
2022-10-26T04:15:44: PM2 log: App [DKAPI:0] online
2022-10-26T04:15:46: PM2 log: App [DKAPI:0] exited with code [1] via signal [SIGINT]
2022-10-26T04:15:46: PM2 log: App [DKAPI:0] starting in -fork mode-
2022-10-26T04:15:46: PM2 log: App [DKAPI:0] online
2022-10-26T04:15:48: PM2 log: App [DKAPI:0] exited with code [1] via signal [SIGINT]
2022-10-26T04:15:48: PM2 log: App [DKAPI:0] starting in -fork mode-
2022-10-26T04:15:48: PM2 log: App [DKAPI:0] online
2022-10-26T04:15:50: PM2 log: App [DKAPI:0] exited with code [1] via signal [SIGINT]
2022-10-26T04:15:50: PM2 log: App [DKAPI:0] starting in -fork mode-
2022-10-26T04:15:50: PM2 log: App [DKAPI:0] online
2022-10-26T04:15:52: PM2 log: App [DKAPI:0] exited with code [1] via signal [SIGINT]
2022-10-26T04:15:52: PM2 log: App [DKAPI:0] starting in -fork mode-
2022-10-26T04:15:52: PM2 log: App [DKAPI:0] online
2022-10-26T04:15:54: PM2 log: App [DKAPI:0] exited with code [1] via signal [SIGINT]
2022-10-26T04:15:54: PM2 log: App [DKAPI:0] starting in -fork mode-
2022-10-26T04:15:54: PM2 log: App [DKAPI:0] online
2022-10-26T04:15:56: PM2 log: App [DKAPI:0] exited with code [1] via signal [SIGINT]
2022-10-26T04:15:56: PM2 log: App [DKAPI:0] starting in -fork mode-
2022-10-26T04:15:56: PM2 log: App [DKAPI:0] online
2022-10-26T04:15:58: PM2 log: App [DKAPI:0] exited with code [1] via signal [SIGINT]
2022-10-26T04:15:58: PM2 log: App [DKAPI:0] starting in -fork mode-
2022-10-26T04:15:58: PM2 log: App [DKAPI:0] online
2022-10-26T04:16:00: PM2 log: App [DKAPI:0] exited with code [1] via signal [SIGINT]
2022-10-26T04:16:00: PM2 log: App [DKAPI:0] starting in -fork mode-
2022-10-26T04:16:00: PM2 log: App [DKAPI:0] online
2022-10-26T04:16:02: PM2 log: App [DKAPI:0] exited with code [1] via signal [SIGINT]
2022-10-26T04:16:02: PM2 log: App [DKAPI:0] starting in -fork mode-
2022-10-26T04:16:02: PM2 log: App [DKAPI:0] online
2022-10-26T04:16:04: PM2 log: App [DKAPI:0] exited with code [1] via signal [SIGINT]
2022-10-26T04:16:04: PM2 log: App [DKAPI:0] starting in -fork mode-
2022-10-26T04:16:04: PM2 log: App [DKAPI:0] online
2022-10-26T04:16:06: PM2 log: App [DKAPI:0] exited with code [1] via signal [SIGINT]
2022-10-26T04:16:06: PM2 log: App [DKAPI:0] starting in -fork mode-
2022-10-26T04:16:06: PM2 log: App [DKAPI:0] online
2022-10-26T04:16:08: PM2 log: App [DKAPI:0] exited with code [1] via signal [SIGINT]
2022-10-26T04:16:08: PM2 log: App [DKAPI:0] starting in -fork mode-
2022-10-26T04:16:08: PM2 log: App [DKAPI:0] online
2022-10-26T04:16:10: PM2 log: App [DKAPI:0] exited with code [1] via signal [SIGINT]
2022-10-26T04:16:10: PM2 log: App [DKAPI:0] starting in -fork mode-
2022-10-26T04:16:10: PM2 log: App [DKAPI:0] online
2022-10-26T04:16:12: PM2 log: App [DKAPI:0] exited with code [1] via signal [SIGINT]
2022-10-26T04:16:12: PM2 log: App [DKAPI:0] starting in -fork mode-
2022-10-26T04:16:12: PM2 log: App [DKAPI:0] online
2022-10-26T04:16:14: PM2 log: App [DKAPI:0] exited with code [1] via signal [SIGINT]
2022-10-26T04:16:14: PM2 log: App [DKAPI:0] starting in -fork mode-
2022-10-26T04:16:14: PM2 log: App [DKAPI:0] online
2022-10-26T04:16:16: PM2 log: App [DKAPI:0] exited with code [1] via signal [SIGINT]
2022-10-26T04:16:16: PM2 log: App [DKAPI:0] starting in -fork mode-
2022-10-26T04:16:16: PM2 log: App [DKAPI:0] online
2022-10-26T04:16:18: PM2 log: App [DKAPI:0] exited with code [1] via signal [SIGINT]
2022-10-26T04:16:18: PM2 log: App [DKAPI:0] starting in -fork mode-
2022-10-26T04:16:18: PM2 log: App [DKAPI:0] online
2022-10-26T04:16:20: PM2 log: App [DKAPI:0] exited with code [1] via signal [SIGINT]
2022-10-26T04:16:20: PM2 log: App [DKAPI:0] starting in -fork mode-
2022-10-26T04:16:20: PM2 log: App [DKAPI:0] online
2022-10-26T04:16:22: PM2 log: App [DKAPI:0] exited with code [1] via signal [SIGINT]
2022-10-26T04:16:22: PM2 log: App [DKAPI:0] starting in -fork mode-
2022-10-26T04:16:22: PM2 log: App [DKAPI:0] online
2022-10-26T04:16:24: PM2 log: App [DKAPI:0] exited with code [1] via signal [SIGINT]
2022-10-26T04:16:24: PM2 log: App [DKAPI:0] starting in -fork mode-
2022-10-26T04:16:24: PM2 log: App [DKAPI:0] online
2022-10-26T04:16:26: PM2 log: App [DKAPI:0] exited with code [1] via signal [SIGINT]
2022-10-26T04:16:26: PM2 log: App [DKAPI:0] starting in -fork mode-
2022-10-26T04:16:26: PM2 log: App [DKAPI:0] online
2022-10-26T04:16:28: PM2 log: App [DKAPI:0] exited with code [1] via signal [SIGINT]
2022-10-26T04:16:28: PM2 log: App [DKAPI:0] starting in -fork mode-
2022-10-26T04:16:28: PM2 log: App [DKAPI:0] online
2022-10-26T04:16:30: PM2 log: App [DKAPI:0] exited with code [1] via signal [SIGINT]
2022-10-26T04:16:30: PM2 log: App [DKAPI:0] starting in -fork mode-
2022-10-26T04:16:30: PM2 log: App [DKAPI:0] online
2022-10-26T04:16:32: PM2 log: App [DKAPI:0] exited with code [1] via signal [SIGINT]
2022-10-26T04:16:32: PM2 log: App [DKAPI:0] starting in -fork mode-
2022-10-26T04:16:32: PM2 log: App [DKAPI:0] online
2022-10-26T04:16:34: PM2 log: App [DKAPI:0] exited with code [1] via signal [SIGINT]
2022-10-26T04:16:34: PM2 log: App [DKAPI:0] starting in -fork mode-
2022-10-26T04:16:34: PM2 log: App [DKAPI:0] online
2022-10-26T04:16:36: PM2 log: App [DKAPI:0] exited with code [1] via signal [SIGINT]
2022-10-26T04:16:36: PM2 log: App [DKAPI:0] starting in -fork mode-
2022-10-26T04:16:36: PM2 log: App [DKAPI:0] online
2022-10-26T04:16:39: PM2 log: App [DKAPI:0] exited with code [1] via signal [SIGINT]
2022-10-26T04:16:39: PM2 log: App [DKAPI:0] starting in -fork mode-
2022-10-26T04:16:39: PM2 log: App [DKAPI:0] online
2022-10-26T04:16:41: PM2 log: App [DKAPI:0] exited with code [1] via signal [SIGINT]
2022-10-26T04:16:41: PM2 log: App [DKAPI:0] starting in -fork mode-
2022-10-26T04:16:41: PM2 log: App [DKAPI:0] online
2022-10-26T04:16:43: PM2 log: App [DKAPI:0] exited with code [1] via signal [SIGINT]
2022-10-26T04:16:43: PM2 log: App [DKAPI:0] starting in -fork mode-
2022-10-26T04:16:43: PM2 log: App [DKAPI:0] online
2022-10-26T04:16:45: PM2 log: App [DKAPI:0] exited with code [1] via signal [SIGINT]
2022-10-26T04:16:45: PM2 log: App [DKAPI:0] starting in -fork mode-
2022-10-26T04:16:45: PM2 log: App [DKAPI:0] online
2022-10-26T04:16:47: PM2 log: App [DKAPI:0] exited with code [1] via signal [SIGINT]
2022-10-26T04:16:47: PM2 log: App [DKAPI:0] starting in -fork mode-
2022-10-26T04:16:47: PM2 log: App [DKAPI:0] online
2022-10-26T04:16:49: PM2 log: App [DKAPI:0] exited with code [1] via signal [SIGINT]
2022-10-26T04:16:49: PM2 log: App [DKAPI:0] starting in -fork mode-
2022-10-26T04:16:49: PM2 log: App [DKAPI:0] online
2022-10-26T04:16:51: PM2 log: App [DKAPI:0] exited with code [1] via signal [SIGINT]
2022-10-26T04:16:51: PM2 log: App [DKAPI:0] starting in -fork mode-
2022-10-26T04:16:51: PM2 log: App [DKAPI:0] online
2022-10-26T04:16:53: PM2 log: App [DKAPI:0] exited with code [1] via signal [SIGINT]
2022-10-26T04:16:53: PM2 log: App [DKAPI:0] starting in -fork mode-
2022-10-26T04:16:53: PM2 log: App [DKAPI:0] online
2022-10-26T04:16:55: PM2 log: App [DKAPI:0] exited with code [1] via signal [SIGINT]
2022-10-26T04:16:55: PM2 log: App [DKAPI:0] starting in -fork mode-
2022-10-26T04:16:55: PM2 log: App [DKAPI:0] online
2022-10-26T04:16:57: PM2 log: App [DKAPI:0] exited with code [1] via signal [SIGINT]
2022-10-26T04:16:57: PM2 log: App [DKAPI:0] starting in -fork mode-
2022-10-26T04:16:57: PM2 log: App [DKAPI:0] online
2022-10-26T04:16:59: PM2 log: App [DKAPI:0] exited with code [1] via signal [SIGINT]
2022-10-26T04:16:59: PM2 log: App [DKAPI:0] starting in -fork mode-
2022-10-26T04:16:59: PM2 log: App [DKAPI:0] online
2022-10-26T04:17:01: PM2 log: App [DKAPI:0] exited with code [1] via signal [SIGINT]
2022-10-26T04:17:01: PM2 log: App [DKAPI:0] starting in -fork mode-
2022-10-26T04:17:01: PM2 log: App [DKAPI:0] online
2022-10-26T04:17:03: PM2 log: App [DKAPI:0] exited with code [1] via signal [SIGINT]
2022-10-26T04:17:03: PM2 log: App [DKAPI:0] starting in -fork mode-
2022-10-26T04:17:03: PM2 log: App [DKAPI:0] online
2022-10-26T04:17:05: PM2 log: App [DKAPI:0] exited with code [1] via signal [SIGINT]
2022-10-26T04:17:05: PM2 log: App [DKAPI:0] starting in -fork mode-
2022-10-26T04:17:05: PM2 log: App [DKAPI:0] online
2022-10-26T04:17:07: PM2 log: App [DKAPI:0] exited with code [1] via signal [SIGINT]
2022-10-26T04:17:07: PM2 log: App [DKAPI:0] starting in -fork mode-
2022-10-26T04:17:07: PM2 log: App [DKAPI:0] online
2022-10-26T04:17:09: PM2 log: App [DKAPI:0] exited with code [1] via signal [SIGINT]
2022-10-26T04:17:09: PM2 log: App [DKAPI:0] starting in -fork mode-
2022-10-26T04:17:09: PM2 log: App [DKAPI:0] online
2022-10-26T04:17:11: PM2 log: App [DKAPI:0] exited with code [1] via signal [SIGINT]
2022-10-26T04:17:11: PM2 log: App [DKAPI:0] starting in -fork mode-
2022-10-26T04:17:11: PM2 log: App [DKAPI:0] online
2022-10-26T04:17:13: PM2 log: App [DKAPI:0] exited with code [1] via signal [SIGINT]
2022-10-26T04:17:13: PM2 log: App [DKAPI:0] starting in -fork mode-
2022-10-26T04:17:13: PM2 log: App [DKAPI:0] online
2022-10-26T04:17:13: PM2 log: Stopping app:DKAPI id:0
2022-10-26T04:17:13: PM2 log: App [DKAPI:0] exited with code [0] via signal [SIGINT]
2022-10-26T04:17:13: PM2 log: pid=191668 msg=process killed
2022-10-27T03:42:19: PM2 log: [PM2] This PM2 is not UP TO DATE
2022-10-27T03:42:19: PM2 log: [PM2] Upgrade to version 5.2.2
2022-10-27T07:29:31: PM2 log: pm2 has been killed by signal, dumping process list before exit...
2022-10-27T07:29:32: PM2 log: Exited peacefully
2022-10-27T07:33:57: PM2 log: ===============================================================================
2022-10-27T07:33:57: PM2 log: --- New PM2 Daemon started ----------------------------------------------------
2022-10-27T07:33:57: PM2 log: Time                 : Thu Oct 27 2022 07:33:57 GMT+0000 (Coordinated Universal Time)
2022-10-27T07:33:57: PM2 log: PM2 version          : 5.2.0
2022-10-27T07:33:57: PM2 log: Node.js version      : 18.9.1
2022-10-27T07:33:57: PM2 log: Current arch         : x64
2022-10-27T07:33:57: PM2 log: PM2 home             : /home/dpcsdev/.pm2
2022-10-27T07:33:57: PM2 log: PM2 PID file         : /home/dpcsdev/.pm2/pm2.pid
2022-10-27T07:33:57: PM2 log: RPC socket file      : /home/dpcsdev/.pm2/rpc.sock
2022-10-27T07:33:57: PM2 log: BUS socket file      : /home/dpcsdev/.pm2/pub.sock
2022-10-27T07:33:57: PM2 log: Application log path : /home/dpcsdev/.pm2/logs
2022-10-27T07:33:57: PM2 log: Worker Interval      : 30000
2022-10-27T07:33:57: PM2 log: Process dump file    : /home/dpcsdev/.pm2/dump.pm2
2022-10-27T07:33:57: PM2 log: Concurrent actions   : 2
2022-10-27T07:33:57: PM2 log: SIGTERM timeout      : 1600
2022-10-27T07:33:57: PM2 log: ===============================================================================
2022-10-27T08:08:32: PM2 log: pm2 has been killed by signal, dumping process list before exit...
2022-10-27T08:08:32: PM2 log: Exited peacefully
2022-10-27T08:45:52: PM2 log: ===============================================================================
2022-10-27T08:45:52: PM2 log: --- New PM2 Daemon started ----------------------------------------------------
2022-10-27T08:45:52: PM2 log: Time                 : Thu Oct 27 2022 08:45:52 GMT+0000 (Coordinated Universal Time)
2022-10-27T08:45:52: PM2 log: PM2 version          : 5.2.0
2022-10-27T08:45:52: PM2 log: Node.js version      : 18.9.1
2022-10-27T08:45:52: PM2 log: Current arch         : x64
2022-10-27T08:45:52: PM2 log: PM2 home             : /home/dpcsdev/.pm2
2022-10-27T08:45:52: PM2 log: PM2 PID file         : /home/dpcsdev/.pm2/pm2.pid
2022-10-27T08:45:52: PM2 log: RPC socket file      : /home/dpcsdev/.pm2/rpc.sock
2022-10-27T08:45:52: PM2 log: BUS socket file      : /home/dpcsdev/.pm2/pub.sock
2022-10-27T08:45:52: PM2 log: Application log path : /home/dpcsdev/.pm2/logs
2022-10-27T08:45:52: PM2 log: Worker Interval      : 30000
2022-10-27T08:45:52: PM2 log: Process dump file    : /home/dpcsdev/.pm2/dump.pm2
2022-10-27T08:45:52: PM2 log: Concurrent actions   : 2
2022-10-27T08:45:52: PM2 log: SIGTERM timeout      : 1600
2022-10-27T08:45:52: PM2 log: ===============================================================================
2022-10-28T08:45:53: PM2 log: [PM2] This PM2 is not UP TO DATE
2022-10-28T08:45:53: PM2 log: [PM2] Upgrade to version 5.2.2
2022-10-29T08:45:53: PM2 log: [PM2] This PM2 is not UP TO DATE
2022-10-29T08:45:53: PM2 log: [PM2] Upgrade to version 5.2.2
2022-10-30T08:45:53: PM2 log: [PM2] This PM2 is not UP TO DATE
2022-10-30T08:45:53: PM2 log: [PM2] Upgrade to version 5.2.2
2022-10-31T08:45:53: PM2 log: [PM2] This PM2 is not UP TO DATE
2022-10-31T08:45:53: PM2 log: [PM2] Upgrade to version 5.2.2
2022-11-01T08:45:53: PM2 log: [PM2] This PM2 is not UP TO DATE
2022-11-01T08:45:53: PM2 log: [PM2] Upgrade to version 5.2.2
2022-11-02T08:45:53: PM2 log: [PM2] This PM2 is not UP TO DATE
2022-11-02T08:45:53: PM2 log: [PM2] Upgrade to version 5.2.2
2022-11-03T08:45:53: PM2 log: [PM2] This PM2 is not UP TO DATE
2022-11-03T08:45:53: PM2 log: [PM2] Upgrade to version 5.2.2
2022-11-04T08:45:53: PM2 log: [PM2] This PM2 is not UP TO DATE
2022-11-04T08:45:53: PM2 log: [PM2] Upgrade to version 5.2.2
2022-11-05T08:45:53: PM2 log: [PM2] This PM2 is not UP TO DATE
2022-11-05T08:45:53: PM2 log: [PM2] Upgrade to version 5.2.2
2022-11-06T08:45:53: PM2 log: [PM2] This PM2 is not UP TO DATE
2022-11-06T08:45:53: PM2 log: [PM2] Upgrade to version 5.2.2
2022-11-07T08:45:53: PM2 log: [PM2] This PM2 is not UP TO DATE
2022-11-07T08:45:53: PM2 log: [PM2] Upgrade to version 5.2.2
2022-11-07T09:39:36: PM2 log: pm2 has been killed by signal, dumping process list before exit...
2022-11-07T09:39:36: PM2 log: Exited peacefully
2024-09-26T05:02:47: PM2 log: ===============================================================================
2024-09-26T05:02:47: PM2 log: --- New PM2 Daemon started ----------------------------------------------------
2024-09-26T05:02:47: PM2 log: Time                 : Thu Sep 26 2024 05:02:47 GMT+0000 (Coordinated Universal Time)
2024-09-26T05:02:47: PM2 log: PM2 version          : 5.2.0
2024-09-26T05:02:47: PM2 log: Node.js version      : 18.16.0
2024-09-26T05:02:47: PM2 log: Current arch         : x64
2024-09-26T05:02:47: PM2 log: PM2 home             : /home/dpcsdev/.pm2
2024-09-26T05:02:47: PM2 log: PM2 PID file         : /home/dpcsdev/.pm2/pm2.pid
2024-09-26T05:02:47: PM2 log: RPC socket file      : /home/dpcsdev/.pm2/rpc.sock
2024-09-26T05:02:47: PM2 log: BUS socket file      : /home/dpcsdev/.pm2/pub.sock
2024-09-26T05:02:47: PM2 log: Application log path : /home/dpcsdev/.pm2/logs
2024-09-26T05:02:47: PM2 log: Worker Interval      : 30000
2024-09-26T05:02:47: PM2 log: Process dump file    : /home/dpcsdev/.pm2/dump.pm2
2024-09-26T05:02:47: PM2 log: Concurrent actions   : 2
2024-09-26T05:02:47: PM2 log: SIGTERM timeout      : 1600
2024-09-26T05:02:47: PM2 log: ===============================================================================
2024-09-26T06:36:26: PM2 log: pm2 has been killed by signal, dumping process list before exit...
2024-09-26T06:36:26: PM2 log: Exited peacefully
