0 verbose cli /usr/bin/node /usr/bin/npm
1 info using npm@8.19.1
2 info using node@v18.9.1
3 timing npm:load:whichnode Completed in 0ms
4 timing config:load:defaults Completed in 2ms
5 timing config:load:file:/usr/lib/node_modules/npm/npmrc Completed in 0ms
6 timing config:load:builtin Completed in 1ms
7 timing config:load:cli Completed in 1ms
8 timing config:load:env Completed in 1ms
9 timing config:load:file:/home/dpcsdev/daikin-api/.npmrc Completed in 0ms
10 timing config:load:project Completed in 12ms
11 timing config:load:file:/home/dpcsdev/.npmrc Completed in 0ms
12 timing config:load:user Completed in 0ms
13 timing config:load:file:/usr/etc/npmrc Completed in 0ms
14 timing config:load:global Completed in 0ms
15 timing config:load:validate Completed in 0ms
16 timing config:load:credentials Completed in 1ms
17 timing config:load:setEnvs Completed in 1ms
18 timing config:load Completed in 20ms
19 timing npm:load:configload Completed in 20ms
20 timing npm:load:mkdirpcache Completed in 2ms
21 timing npm:load:mkdirplogs Completed in 0ms
22 verbose title npm i
23 verbose argv "i"
24 timing npm:load:setTitle Completed in 1ms
25 timing config:load:flatten Completed in 3ms
26 timing npm:load:display Completed in 5ms
27 verbose logfile logs-max:10 dir:/home/dpcsdev/.npm/_logs
28 verbose logfile /home/dpcsdev/.npm/_logs/2022-11-07T09_50_56_183Z-debug-0.log
29 timing npm:load:logFile Completed in 5ms
30 timing npm:load:timers Completed in 0ms
31 timing npm:load:configScope Completed in 0ms
32 timing npm:load Completed in 35ms
33 timing arborist:ctor Completed in 1ms
34 silly logfile done cleaning log files
35 timing idealTree:init Completed in 473ms
36 timing idealTree:userRequests Completed in 0ms
37 silly idealTree buildDeps
38 silly fetch manifest asposeslidescloud@^22.10.0
39 timing arborist:ctor Completed in 0ms
40 http fetch GET 200 https://registry.npmjs.org/asposeslidescloud 1184ms (cache miss)
41 silly placeDep ROOT asposeslidescloud@22.10.0 REPLACE for: daikin-api@1.0.0 want: ^22.10.0
42 timing idealTree:#root Completed in 1195ms
43 timing idealTree:node_modules/asposeslidescloud Completed in 0ms
44 timing idealTree:buildDeps Completed in 1198ms
45 timing idealTree:fixDepFlags Completed in 6ms
46 timing idealTree Completed in 1688ms
47 timing reify:loadTrees Completed in 1690ms
48 timing reify:diffTrees Completed in 61ms
49 silly reify mark retired [ '/home/dpcsdev/daikin-api/node_modules/asposeslidescloud' ]
50 silly reify moves {
50 silly reify   '/home/dpcsdev/daikin-api/node_modules/asposeslidescloud': '/home/dpcsdev/daikin-api/node_modules/.asposeslidescloud-VcMz5E6b'
50 silly reify }
51 timing reify:retireShallow Completed in 8ms
52 timing reify:createSparse Completed in 1ms
53 timing reify:loadBundles Completed in 0ms
54 silly audit bulk request {
54 silly audit   '@ampproject/remapping': [ '2.2.0' ],
54 silly audit   '@azure/abort-controller': [ '1.1.0' ],
54 silly audit   '@azure/core-auth': [ '1.4.0' ],
54 silly audit   '@azure/core-http': [ '2.2.6' ],
54 silly audit   '@azure/core-tracing': [ '1.0.0-preview.13' ],
54 silly audit   uuid: [ '8.3.2', '3.4.0', '7.0.3' ],
54 silly audit   '@azure/core-lro': [ '2.2.5' ],
54 silly audit   '@azure/core-paging': [ '1.3.0' ],
54 silly audit   '@azure/logger': [ '1.0.3' ],
54 silly audit   '@azure/msal-common': [ '7.3.0' ],
54 silly audit   '@azure/msal-node': [ '1.12.1' ],
54 silly audit   '@azure/storage-blob': [ '12.11.0' ],
54 silly audit   '@babel/code-frame': [ '7.18.6' ],
54 silly audit   '@babel/compat-data': [ '7.19.3' ],
54 silly audit   '@babel/core': [ '7.19.3' ],
54 silly audit   debug: [ '4.3.4', '2.6.9' ],
54 silly audit   ms: [ '2.1.2', '2.1.3', '2.0.0' ],
54 silly audit   semver: [ '6.3.0', '5.7.1', '7.3.7' ],
54 silly audit   '@babel/generator': [ '7.19.3' ],
54 silly audit   '@jridgewell/gen-mapping': [ '0.3.2', '0.1.1' ],
54 silly audit   '@babel/helper-compilation-targets': [ '7.19.3' ],
54 silly audit   '@babel/helper-environment-visitor': [ '7.18.9' ],
54 silly audit   '@babel/helper-function-name': [ '7.19.0' ],
54 silly audit   '@babel/helper-hoist-variables': [ '7.18.6' ],
54 silly audit   '@babel/helper-module-imports': [ '7.18.6' ],
54 silly audit   '@babel/helper-module-transforms': [ '7.19.0' ],
54 silly audit   '@babel/helper-plugin-utils': [ '7.19.0' ],
54 silly audit   '@babel/helper-simple-access': [ '7.18.6' ],
54 silly audit   '@babel/helper-split-export-declaration': [ '7.18.6' ],
54 silly audit   '@babel/helper-string-parser': [ '7.18.10' ],
54 silly audit   '@babel/helper-validator-identifier': [ '7.19.1' ],
54 silly audit   '@babel/helper-validator-option': [ '7.18.6' ],
54 silly audit   '@babel/helpers': [ '7.19.0' ],
54 silly audit   '@babel/highlight': [ '7.18.6' ],
54 silly audit   'ansi-styles': [ '3.2.1', '4.3.0', '5.2.0' ],
54 silly audit   chalk: [ '2.4.2', '4.1.2' ],
54 silly audit   'color-convert': [ '1.9.3', '2.0.1' ],
54 silly audit   'color-name': [ '1.1.3', '1.1.4' ],
54 silly audit   'escape-string-regexp': [ '1.0.5', '2.0.0' ],
54 silly audit   'has-flag': [ '3.0.0', '4.0.0' ],
54 silly audit   'supports-color': [ '5.5.0', '8.1.1', '7.2.0' ],
54 silly audit   '@babel/parser': [ '7.19.3' ],
54 silly audit   '@babel/plugin-syntax-async-generators': [ '7.8.4' ],
54 silly audit   '@babel/plugin-syntax-bigint': [ '7.8.3' ],
54 silly audit   '@babel/plugin-syntax-class-properties': [ '7.12.13' ],
54 silly audit   '@babel/plugin-syntax-import-meta': [ '7.10.4' ],
54 silly audit   '@babel/plugin-syntax-json-strings': [ '7.8.3' ],
54 silly audit   '@babel/plugin-syntax-jsx': [ '7.18.6' ],
54 silly audit   '@babel/plugin-syntax-logical-assignment-operators': [ '7.10.4' ],
54 silly audit   '@babel/plugin-syntax-nullish-coalescing-operator': [ '7.8.3' ],
54 silly audit   '@babel/plugin-syntax-numeric-separator': [ '7.10.4' ],
54 silly audit   '@babel/plugin-syntax-object-rest-spread': [ '7.8.3' ],
54 silly audit   '@babel/plugin-syntax-optional-catch-binding': [ '7.8.3' ],
54 silly audit   '@babel/plugin-syntax-optional-chaining': [ '7.8.3' ],
54 silly audit   '@babel/plugin-syntax-top-level-await': [ '7.14.5' ],
54 silly audit   '@babel/plugin-syntax-typescript': [ '7.18.6' ],
54 silly audit   '@babel/runtime': [ '7.18.9' ],
54 silly audit   '@babel/template': [ '7.18.10' ],
54 silly audit   '@babel/traverse': [ '7.19.3' ],
54 silly audit   '@babel/types': [ '7.19.3' ],
54 silly audit   '@bcoe/v8-coverage': [ '0.2.3' ],
54 silly audit   '@hapi/hoek': [ '9.3.0' ],
54 silly audit   '@hapi/topo': [ '5.1.0' ],
54 silly audit   '@istanbuljs/load-nyc-config': [ '1.1.0' ],
54 silly audit   '@istanbuljs/schema': [ '0.1.3' ],
54 silly audit   '@jest/console': [ '29.1.2' ],
54 silly audit   '@jest/core': [ '29.1.2' ],
54 silly audit   '@jest/environment': [ '29.1.2' ],
54 silly audit   '@jest/expect': [ '29.1.2' ],
54 silly audit   '@jest/expect-utils': [ '29.1.2' ],
54 silly audit   '@jest/fake-timers': [ '29.1.2' ],
54 silly audit   '@jest/globals': [ '29.1.2' ],
54 silly audit   '@jest/reporters': [ '29.1.2' ],
54 silly audit   '@jest/schemas': [ '29.0.0' ],
54 silly audit   '@jest/source-map': [ '29.0.0' ],
54 silly audit   '@jest/test-result': [ '29.1.2' ],
54 silly audit   '@jest/test-sequencer': [ '29.1.2' ],
54 silly audit   '@jest/transform': [ '29.1.2' ],
54 silly audit   '@jest/types': [ '29.1.2' ],
54 silly audit   '@jridgewell/resolve-uri': [ '3.1.0' ],
54 silly audit   '@jridgewell/set-array': [ '1.1.2' ],
54 silly audit   '@jridgewell/sourcemap-codec': [ '1.4.14' ],
54 silly audit   '@jridgewell/trace-mapping': [ '0.3.15' ],
54 silly audit   '@opentelemetry/api': [ '1.1.0' ],
54 silly audit   '@panva/asn1.js': [ '1.0.0' ],
54 silly audit   '@sendgrid/client': [ '7.7.0' ],
54 silly audit   axios: [ '0.26.1', '0.27.2' ],
54 silly audit   '@sendgrid/helpers': [ '7.7.0' ],
54 silly audit   '@sendgrid/mail': [ '7.7.0' ],
54 silly audit   '@sideway/address': [ '4.1.4' ],
54 silly audit   '@sideway/formula': [ '3.0.0' ],
54 silly audit   '@sideway/pinpoint': [ '2.0.0' ],
54 silly audit   '@sinclair/typebox': [ '0.24.44' ],
54 silly audit   '@sinonjs/commons': [ '1.8.3' ],
54 silly audit   '@sinonjs/fake-timers': [ '9.1.2' ],
54 silly audit   '@socket.io/component-emitter': [ '3.1.0' ],
54 silly audit   '@types/babel__core': [ '7.1.19' ],
54 silly audit   '@types/babel__generator': [ '7.6.4' ],
54 silly audit   '@types/babel__template': [ '7.4.1' ],
54 silly audit   '@types/babel__traverse': [ '7.18.2' ],
54 silly audit   '@types/body-parser': [ '1.19.2' ],
54 silly audit   '@types/connect': [ '3.4.35' ],
54 silly audit   '@types/debug': [ '4.1.7' ],
54 silly audit   '@types/express': [ '4.17.14' ],
54 silly audit   '@types/express-serve-static-core': [ '4.17.31' ],
54 silly audit   '@types/graceful-fs': [ '4.1.5' ],
54 silly audit   '@types/istanbul-lib-coverage': [ '2.0.4' ],
54 silly audit   '@types/istanbul-lib-report': [ '3.0.0' ],
54 silly audit   '@types/istanbul-reports': [ '3.0.1' ],
54 silly audit   '@types/jsonwebtoken': [ '8.5.9' ],
54 silly audit   '@types/mime': [ '3.0.1' ],
54 silly audit   '@types/ms': [ '0.7.31' ],
54 silly audit   '@types/node': [ '17.0.42' ],
54 silly audit   '@types/node-fetch': [ '2.6.2' ],
54 silly audit   'form-data': [ '3.0.1', '4.0.0', '2.3.3' ],
54 silly audit   '@types/prettier': [ '2.7.1' ],
54 silly audit   '@types/qs': [ '6.9.7' ],
54 silly audit   '@types/range-parser': [ '1.2.4' ],
54 silly audit   '@types/serve-static': [ '1.15.0' ],
54 silly audit   '@types/stack-utils': [ '2.0.1' ],
54 silly audit   '@types/tunnel': [ '0.0.3' ],
54 silly audit   '@types/validator': [ '13.7.3' ],
54 silly audit   '@types/yargs': [ '17.0.13' ],
54 silly audit   '@types/yargs-parser': [ '21.0.0' ],
54 silly audit   '@xmldom/xmldom': [ '0.8.2' ],
54 silly audit   accepts: [ '1.3.8' ],
54 silly audit   ajv: [ '6.12.6' ],
54 silly audit   'ansi-escapes': [ '4.3.2' ],
54 silly audit   'ansi-regex': [ '5.0.1' ],
54 silly audit   anymatch: [ '3.1.2' ],
54 silly audit   'append-field': [ '1.0.0' ],
54 silly audit   argparse: [ '1.0.10' ],
54 silly audit   'array-flatten': [ '1.1.1' ],
54 silly audit   asn1: [ '0.2.6' ],
54 silly audit   'assert-plus': [ '1.0.0' ],
54 silly audit   async: [ '3.2.4', '1.5.2' ],
54 silly audit   asynckit: [ '0.4.0' ],
54 silly audit   'aws-sign2': [ '0.7.0' ],
54 silly audit   aws4: [ '1.11.0' ],
54 silly audit   'axios-retry': [ '3.3.1' ],
54 silly audit   'azure-ad-jwt': [ '1.1.0' ],
54 silly audit   'azure-ad-verify-token': [ '2.0.1' ],
54 silly audit   'babel-jest': [ '29.1.2' ],
54 silly audit   'babel-plugin-istanbul': [ '6.1.1' ],
54 silly audit   'babel-plugin-jest-hoist': [ '29.0.2' ],
54 silly audit   'babel-preset-current-node-syntax': [ '1.0.1' ],
54 silly audit   'babel-preset-jest': [ '29.0.2' ],
54 silly audit   'balanced-match': [ '1.0.2' ],
54 silly audit   'bcrypt-pbkdf': [ '1.0.2' ],
54 silly audit   'body-parser': [ '1.20.0' ],
54 silly audit   'brace-expansion': [ '1.1.11' ],
54 silly audit   braces: [ '3.0.2' ],
54 silly audit   'browserify-mime': [ '1.2.9' ],
54 silly audit   browserslist: [ '4.21.4' ],
54 silly audit   bser: [ '2.1.1' ],
54 silly audit   'buffer-equal-constant-time': [ '1.0.1' ],
54 silly audit   'buffer-from': [ '1.1.2' ],
54 silly audit   busboy: [ '1.6.0' ],
54 silly audit   bytes: [ '3.1.2' ],
54 silly audit   'call-bind': [ '1.0.2' ],
54 silly audit   callsites: [ '3.1.0' ],
54 silly audit   camelcase: [ '5.3.1', '6.3.0' ],
54 silly audit   'caniuse-lite': [ '1.0.30001416' ],
54 silly audit   caseless: [ '0.12.0' ],
54 silly audit   'char-regex': [ '1.0.2' ],
54 silly audit   'ci-info': [ '3.4.0' ],
54 silly audit   'cjs-module-lexer': [ '1.2.2' ],
54 silly audit   cliui: [ '8.0.1' ],
54 silly audit   cloudconvert: [ '2.3.1' ],
54 silly audit   co: [ '4.6.0' ],
54 silly audit   'collect-v8-coverage': [ '1.0.1' ],
54 silly audit   'combined-stream': [ '1.0.8' ],
54 silly audit   'concat-map': [ '0.0.1' ],
54 silly audit   'concat-stream': [ '1.6.2' ],
54 silly audit   'content-disposition': [ '0.5.4' ],
54 silly audit   'content-type': [ '1.0.4' ],
54 silly audit   'convert-source-map': [ '1.8.0' ],
54 silly audit   'safe-buffer': [ '5.1.2', '5.2.1' ],
54 silly audit   cookie: [ '0.5.0' ],
54 silly audit   'cookie-signature': [ '1.0.6' ],
54 silly audit   'core-util-is': [ '1.0.3', '1.0.2' ],
54 silly audit   cors: [ '2.8.5' ],
54 silly audit   'cron-parser': [ '3.5.0' ],
54 silly audit   'cross-spawn': [ '7.0.3' ],
54 silly audit   dashdash: [ '1.14.1' ],
54 silly audit   dedent: [ '0.7.0' ],
54 silly audit   deepmerge: [ '4.2.2' ],
54 silly audit   'define-properties': [ '1.1.4' ],
54 silly audit   'delayed-stream': [ '1.0.0' ],
54 silly audit   denque: [ '2.0.1' ],
54 silly audit   depd: [ '2.0.0' ],
54 silly audit   destroy: [ '1.2.0' ],
54 silly audit   'detect-newline': [ '3.1.0' ],
54 silly audit   'diff-sequences': [ '29.0.0' ],
54 silly audit   dotenv: [ '16.0.1' ],
54 silly audit   dottie: [ '2.0.2' ],
54 silly audit   'ecc-jsbn': [ '0.1.2' ],
54 silly audit   'ecdsa-sig-formatter': [ '1.0.11' ],
54 silly audit   'ee-first': [ '1.1.1' ],
54 silly audit   'electron-to-chromium': [ '1.4.272' ],
54 silly audit   emittery: [ '0.10.2' ],
54 silly audit   'emoji-regex': [ '8.0.0' ],
54 silly audit   encodeurl: [ '1.0.2' ],
54 silly audit   'engine.io-client': [ '6.2.3' ],
54 silly audit   'engine.io-parser': [ '5.0.4' ],
54 silly audit   'error-ex': [ '1.3.2' ],
54 silly audit   'es-abstract': [ '1.20.2' ],
54 silly audit   'es-to-primitive': [ '1.2.1' ],
54 silly audit   escalade: [ '3.1.1' ],
54 silly audit   'escape-html': [ '1.0.3' ],
54 silly audit   esprima: [ '4.0.1' ],
54 silly audit   etag: [ '1.8.1' ],
54 silly audit   events: [ '3.3.0' ],
54 silly audit   execa: [ '5.1.1' ],
54 silly audit   exit: [ '0.1.2' ],
54 silly audit   expect: [ '29.1.2' ],
54 silly audit   express: [ '4.18.1' ],
54 silly audit   extend: [ '3.0.2' ],
54 silly audit   extsprintf: [ '1.3.0' ],
54 silly audit   'fast-deep-equal': [ '3.1.3' ],
54 silly audit   'fast-json-stable-stringify': [ '2.1.0' ],
54 silly audit   'fb-watchman': [ '2.0.2' ],
54 silly audit   'fill-range': [ '7.0.1' ],
54 silly audit   finalhandler: [ '1.2.0' ],
54 silly audit   'find-up': [ '4.1.0' ],
54 silly audit   'follow-redirects': [ '1.15.1' ],
54 silly audit   'forever-agent': [ '0.6.1' ],
54 silly audit   forwarded: [ '0.2.0' ],
54 silly audit   fresh: [ '0.5.2' ],
54 silly audit   'fs.realpath': [ '1.0.0' ],
54 silly audit   fsevents: [ '2.3.2' ],
54 silly audit   'function-bind': [ '1.1.1' ],
54 silly audit   'function.prototype.name': [ '1.1.5' ],
54 silly audit   'functions-have-names': [ '1.2.3' ],
54 silly audit   'generate-function': [ '2.3.1' ],
54 silly audit   gensync: [ '1.0.0-beta.2' ],
54 silly audit   'get-caller-file': [ '2.0.5' ],
54 silly audit   'get-intrinsic': [ '1.1.2' ],
54 silly audit   'get-package-type': [ '0.1.0' ],
54 silly audit   'get-stream': [ '6.0.1' ],
54 silly audit   'get-symbol-description': [ '1.0.0' ],
54 silly audit   getpass: [ '0.1.7' ],
54 silly audit   glob: [ '7.2.3' ],
54 silly audit   globals: [ '11.12.0' ],
54 silly audit   'graceful-fs': [ '4.2.10' ],
54 silly audit   'har-schema': [ '2.0.0' ],
54 silly audit   'har-validator': [ '5.1.5' ],
54 silly audit   has: [ '1.0.3' ],
54 silly audit   'has-bigints': [ '1.0.2' ],
54 silly audit   'has-property-descriptors': [ '1.0.0' ],
54 silly audit   'has-symbols': [ '1.0.3' ],
54 silly audit   'has-tostringtag': [ '1.0.0' ],
54 silly audit   'hash-base': [ '3.1.0' ],
54 silly audit   'readable-stream': [ '3.6.0', '2.3.7' ],
54 silly audit   'html-escaper': [ '2.0.2' ],
54 silly audit   'http-errors': [ '2.0.0' ],
54 silly audit   'http-signature': [ '1.2.0' ],
54 silly audit   https: [ '1.0.0' ],
54 silly audit   'human-signals': [ '2.1.0' ],
54 silly audit   'iconv-lite': [ '0.4.24', '0.6.3' ],
54 silly audit   'image-size': [ '1.0.2', '0.6.3' ],
54 silly audit   immediate: [ '3.0.6' ],
54 silly audit   'import-local': [ '3.1.0' ],
54 silly audit   imurmurhash: [ '0.1.4' ],
54 silly audit   inflection: [ '1.13.2' ],
54 silly audit   inflight: [ '1.0.6' ],
54 silly audit   inherits: [ '2.0.4', '2.0.3' ],
54 silly audit   'internal-slot': [ '1.0.3' ],
54 silly audit   'ipaddr.js': [ '1.9.1' ],
54 silly audit   'is-arrayish': [ '0.2.1' ],
54 silly audit   'is-bigint': [ '1.0.4' ],
54 silly audit   'is-boolean-object': [ '1.1.2' ],
54 silly audit   'is-callable': [ '1.2.5' ],
54 silly audit   'is-core-module': [ '2.10.0' ],
54 silly audit   'is-date-object': [ '1.0.5' ],
54 silly audit   'is-fullwidth-code-point': [ '3.0.0' ],
54 silly audit   'is-generator-fn': [ '2.1.0' ],
54 silly audit   'is-nan': [ '1.3.2' ],
54 silly audit   'is-negative-zero': [ '2.0.2' ],
54 silly audit   'is-number': [ '7.0.0' ],
54 silly audit   'is-number-object': [ '1.0.7' ],
54 silly audit   'is-property': [ '1.0.2' ],
54 silly audit   'is-regex': [ '1.1.4' ],
54 silly audit   'is-retry-allowed': [ '2.2.0' ],
54 silly audit   'is-shared-array-buffer': [ '1.0.2' ],
54 silly audit   'is-stream': [ '2.0.1' ],
54 silly audit   'is-string': [ '1.0.7' ],
54 silly audit   'is-symbol': [ '1.0.4' ],
54 silly audit   'is-typedarray': [ '1.0.0' ],
54 silly audit   'is-weakref': [ '1.0.2' ],
54 silly audit   isarray: [ '1.0.0' ],
54 silly audit   isexe: [ '2.0.0' ],
54 silly audit   isstream: [ '0.1.2' ],
54 silly audit   'istanbul-lib-coverage': [ '3.2.0' ],
54 silly audit   'istanbul-lib-instrument': [ '5.2.0' ],
54 silly audit   'istanbul-lib-report': [ '3.0.0' ],
54 silly audit   'istanbul-lib-source-maps': [ '4.0.1' ],
54 silly audit   'istanbul-reports': [ '3.1.5' ],
54 silly audit   jest: [ '29.1.2' ],
54 silly audit   'jest-changed-files': [ '29.0.0' ],
54 silly audit   'jest-circus': [ '29.1.2' ],
54 silly audit   'jest-cli': [ '29.1.2' ],
54 silly audit   'jest-config': [ '29.1.2' ],
54 silly audit   'jest-diff': [ '29.1.2' ],
54 silly audit   'jest-docblock': [ '29.0.0' ],
54 silly audit   'jest-each': [ '29.1.2' ],
54 silly audit   'jest-environment-node': [ '29.1.2' ],
54 silly audit   'jest-get-type': [ '29.0.0' ],
54 silly audit   'jest-haste-map': [ '29.1.2' ],
54 silly audit   'jest-leak-detector': [ '29.1.2' ],
54 silly audit   'jest-matcher-utils': [ '29.1.2' ],
54 silly audit   'jest-message-util': [ '29.1.2' ],
54 silly audit   'jest-mock': [ '29.1.2' ],
54 silly audit   'jest-pnp-resolver': [ '1.2.2' ],
54 silly audit   'jest-regex-util': [ '29.0.0' ],
54 silly audit   'jest-resolve': [ '29.1.2' ],
54 silly audit   'jest-resolve-dependencies': [ '29.1.2' ],
54 silly audit   'jest-runner': [ '29.1.2' ],
54 silly audit   'jest-runtime': [ '29.1.2' ],
54 silly audit   'jest-snapshot': [ '29.1.2' ],
54 silly audit   'jest-util': [ '29.1.2' ],
54 silly audit   'jest-validate': [ '29.1.2' ],
54 silly audit   'jest-watcher': [ '29.1.2' ],
54 silly audit   'jest-worker': [ '29.1.2' ],
54 silly audit   joi: [ '17.6.0' ],
54 silly audit   jose: [ '2.0.6' ],
54 silly audit   'js-tokens': [ '4.0.0' ],
54 silly audit   'js-yaml': [ '3.14.1' ],
54 silly audit   jsbn: [ '0.1.1' ],
54 silly audit   jsesc: [ '2.5.2' ],
54 silly audit   'json-edm-parser': [ '0.1.2' ],
54 silly audit   'json-parse-even-better-errors': [ '2.3.1' ],
54 silly audit   'json-schema': [ '0.4.0' ],
54 silly audit   'json-schema-traverse': [ '0.4.1' ],
54 silly audit   'json-stringify-safe': [ '5.0.1' ],
54 silly audit   json5: [ '2.2.1' ],
54 silly audit   jsonparse: [ '1.2.0' ],
54 silly audit   jsonwebtoken: [ '8.5.1' ],
54 silly audit   jsprim: [ '1.4.2' ],
54 silly audit   jszip: [ '3.10.1' ],
54 silly audit   jwa: [ '1.4.1' ],
54 silly audit   'jwks-rsa': [ '2.1.4' ],
54 silly audit   jws: [ '3.2.2' ],
54 silly audit   kleur: [ '3.0.3' ],
54 silly audit   leven: [ '3.1.0' ],
54 silly audit   'libreoffice-convert': [ '1.4.1' ],
54 silly audit   lie: [ '3.3.0' ],
54 silly audit   limiter: [ '1.1.5' ],
54 silly audit   'lines-and-columns': [ '1.2.4' ],
54 silly audit   'locate-path': [ '5.0.0' ],
54 silly audit   lodash: [ '4.17.21' ],
54 silly audit   'lodash.clonedeep': [ '4.5.0' ],
54 silly audit   'lodash.includes': [ '4.3.0' ],
54 silly audit   'lodash.isboolean': [ '3.0.3' ],
54 silly audit   'lodash.isinteger': [ '4.0.4' ],
54 silly audit   'lodash.isnumber': [ '3.0.3' ],
54 silly audit   'lodash.isplainobject': [ '4.0.6' ],
54 silly audit   'lodash.isstring': [ '4.0.1' ],
54 silly audit   'lodash.once': [ '4.1.1' ],
54 silly audit   long: [ '4.0.0' ],
54 silly audit   'long-timeout': [ '0.1.1' ],
54 silly audit   'lru-cache': [ '6.0.0', '4.0.2', '4.1.5' ],
54 silly audit   'lru-memoizer': [ '2.1.4' ],
54 silly audit   yallist: [ '2.1.2', '4.0.0' ],
54 silly audit   luxon: [ '1.28.0' ],
54 silly audit   'make-dir': [ '3.1.0' ],
54 silly audit   makeerror: [ '1.0.12' ],
54 silly audit   'md5.js': [ '1.3.5' ],
54 silly audit   'media-typer': [ '0.3.0' ],
54 silly audit   'merge-descriptors': [ '1.0.1' ],
54 silly audit   'merge-stream': [ '2.0.0' ],
54 silly audit   methods: [ '1.1.2' ],
54 silly audit   micromatch: [ '4.0.5' ],
54 silly audit   mime: [ '1.6.0' ],
54 silly audit   'mime-db': [ '1.52.0' ],
54 silly audit   'mime-types': [ '2.1.35' ],
54 silly audit   'mimic-fn': [ '2.1.0' ],
54 silly audit   minimatch: [ '3.1.2' ],
54 silly audit   minimist: [ '1.2.6' ],
54 silly audit   mkdirp: [ '0.5.6' ],
54 silly audit   moment: [ '2.29.4' ],
54 silly audit   'moment-timezone': [ '0.5.37' ],
54 silly audit   multer: [ '1.4.5-lts.1' ],
54 silly audit   'multer-azure-blob-storage': [ '1.2.0' ],
54 silly audit   'azure-storage': [ '2.10.7' ],
54 silly audit   sax: [ '0.5.8', '1.2.4' ],
54 silly audit   underscore: [ '1.13.4' ],
54 silly audit   xml2js: [ '0.2.8', '0.4.23' ],
54 silly audit   xmlbuilder: [ '9.0.7', '11.0.1' ],
54 silly audit   mysql2: [ '2.3.3' ],
54 silly audit   'named-placeholders': [ '1.1.2' ],
54 silly audit   'natural-compare': [ '1.4.0' ],
54 silly audit   negotiator: [ '0.6.3' ],
54 silly audit   'node-convert': [ '0.1.1' ],
54 silly audit   'node-fetch': [ '2.6.7' ],
54 silly audit   'node-int64': [ '0.4.0' ],
54 silly audit   'node-releases': [ '2.0.6' ],
54 silly audit   'node-schedule': [ '2.1.0' ],
54 silly audit   'nodejs-pptx': [ '1.0.1' ],
54 silly audit   'normalize-path': [ '3.0.0' ],
54 silly audit   'npm-run-path': [ '4.0.1' ],
54 silly audit   'oauth-sign': [ '0.9.0' ],
54 silly audit   'object-assign': [ '4.1.1' ],
54 silly audit   'object-inspect': [ '1.12.2' ],
54 silly audit   'object-keys': [ '1.1.1' ],
54 silly audit   'object.assign': [ '4.1.4' ],
54 silly audit   'on-finished': [ '2.4.1' ],
54 silly audit   once: [ '1.4.0' ],
54 silly audit   onetime: [ '5.1.2' ],
54 silly audit   'p-limit': [ '3.1.0', '2.3.0' ],
54 silly audit   'p-locate': [ '4.1.0' ],
54 silly audit   'p-try': [ '2.2.0' ],
54 silly audit   pako: [ '1.0.11' ],
54 silly audit   'parse-json': [ '5.2.0' ],
54 silly audit   parseurl: [ '1.3.3' ],
54 silly audit   path: [ '0.12.7' ],
54 silly audit   'path-exists': [ '4.0.0' ],
54 silly audit   'path-is-absolute': [ '1.0.1' ],
54 silly audit   'path-key': [ '3.1.1' ],
54 silly audit   'path-parse': [ '1.0.7' ],
54 silly audit   'path-to-regexp': [ '0.1.7' ],
54 silly audit   'performance-now': [ '2.1.0' ],
54 silly audit   'pg-connection-string': [ '2.5.0' ],
54 silly audit   picocolors: [ '1.0.0' ],
54 silly audit   picomatch: [ '2.3.1' ],
54 silly audit   pirates: [ '4.0.5' ],
54 silly audit   'pkg-dir': [ '4.2.0' ],
54 silly audit   'pptx-automizer': [ '0.1.2' ],
54 silly audit   pptxgenjs: [ '3.11.0' ],
54 silly audit   'pretty-format': [ '29.1.2' ],
54 silly audit   process: [ '0.11.10' ],
54 silly audit   'process-nextick-args': [ '2.0.1' ],
54 silly audit   prompts: [ '2.4.2' ],
54 silly audit   'proxy-addr': [ '2.0.7' ],
54 silly audit   pseudomap: [ '1.0.2' ],
54 silly audit   psl: [ '1.9.0' ],
54 silly audit   punycode: [ '2.1.1' ],
54 silly audit   qs: [ '6.10.3', '6.5.3' ],
54 silly audit   queue: [ '6.0.2' ],
54 silly audit   'range-parser': [ '1.2.1' ],
54 silly audit   'raw-body': [ '2.5.1' ],
54 silly audit   'react-is': [ '18.2.0' ],
54 silly audit   'regenerator-runtime': [ '0.13.9' ],
54 silly audit   'regexp.escape': [ '1.1.0' ],
54 silly audit   'regexp.prototype.flags': [ '1.4.3' ],
54 silly audit   request: [ '2.88.2' ],
54 silly audit   'request-debug': [ '0.2.0' ],
54 silly audit   'tough-cookie': [ '2.5.0', '4.0.0' ],
54 silly audit   'require-directory': [ '2.1.1' ],
54 silly audit   resolve: [ '1.22.1' ],
54 silly audit   'resolve-cwd': [ '3.0.0' ],
54 silly audit   'resolve-from': [ '5.0.0' ],
54 silly audit   'resolve.exports': [ '1.1.0' ],
54 silly audit   'retry-as-promised': [ '5.0.0' ],
54 silly audit   rimraf: [ '3.0.2' ],
54 silly audit   'rsa-pem-from-mod-exp': [ '0.8.5' ],
54 silly audit   'safer-buffer': [ '2.1.2' ],
54 silly audit   send: [ '0.18.0' ],
54 silly audit   'seq-queue': [ '0.0.5' ],
54 silly audit   sequelize: [ '6.20.1' ],
54 silly audit   'sequelize-pool': [ '7.1.0' ],
54 silly audit   'serve-static': [ '1.15.0' ],
54 silly audit   setimmediate: [ '1.0.5' ],
54 silly audit   setprototypeof: [ '1.2.0' ],
54 silly audit   'shebang-command': [ '2.0.0' ],
54 silly audit   'shebang-regex': [ '3.0.0' ],
54 silly audit   'side-channel': [ '1.0.4' ],
54 silly audit   'signal-exit': [ '3.0.7' ],
54 silly audit   sisteransi: [ '1.0.5' ],
54 silly audit   slash: [ '3.0.0' ],
54 silly audit   'socket.io-client': [ '4.5.3' ],
54 silly audit   'socket.io-parser': [ '4.2.1' ],
54 silly audit   'sorted-array-functions': [ '1.3.0' ],
54 silly audit   'source-map': [ '0.6.1' ],
54 silly audit   'source-map-support': [ '0.5.13' ],
54 silly audit   'sprintf-js': [ '1.0.3' ],
54 silly audit   sqlstring: [ '2.3.3' ],
54 silly audit   sshpk: [ '1.17.0' ],
54 silly audit   'stack-utils': [ '2.0.5' ],
54 silly audit   statuses: [ '2.0.1' ],
54 silly audit   streamsearch: [ '1.1.0' ],
54 silly audit   string_decoder: [ '1.1.1' ],
54 silly audit   'string-length': [ '4.0.2' ],
54 silly audit   'string-width': [ '4.2.3' ],
54 silly audit   'string.prototype.trimend': [ '1.0.5' ],
54 silly audit   'string.prototype.trimstart': [ '1.0.5' ],
54 silly audit   'stringify-clone': [ '1.1.1' ],
54 silly audit   'strip-ansi': [ '6.0.1' ],
54 silly audit   'strip-bom': [ '4.0.0' ],
54 silly audit   'strip-final-newline': [ '2.0.0' ],
54 silly audit   'strip-json-comments': [ '3.1.1' ],
54 silly audit   'supports-hyperlinks': [ '2.3.0' ],
54 silly audit   'supports-preserve-symlinks-flag': [ '1.0.0' ],
54 silly audit   'terminal-link': [ '2.1.1' ],
54 silly audit   'test-exclude': [ '6.0.0' ],
54 silly audit   tmp: [ '0.2.1' ],
54 silly audit   tmpl: [ '1.0.5' ],
54 silly audit   'to-fast-properties': [ '2.0.0' ],
54 silly audit   'to-regex-range': [ '5.0.1' ],
54 silly audit   toidentifier: [ '1.0.1' ],
54 silly audit   'toposort-class': [ '1.0.1' ],
54 silly audit   tr46: [ '0.0.3' ],
54 silly audit   tslib: [ '2.4.0' ],
54 silly audit   tunnel: [ '0.0.6' ],
54 silly audit   'tunnel-agent': [ '0.6.0' ],
54 silly audit   tweetnacl: [ '0.14.5' ],
54 silly audit   'type-detect': [ '4.0.8' ],
54 silly audit   'type-fest': [ '0.21.3' ],
54 silly audit   'type-is': [ '1.6.18' ],
54 silly audit   typedarray: [ '0.0.6' ],
54 silly audit   'unbox-primitive': [ '1.0.2' ],
54 silly audit   universalify: [ '0.1.2' ],
54 silly audit   unpipe: [ '1.0.0' ],
54 silly audit   'update-browserslist-db': [ '1.0.9' ],
54 silly audit   'uri-js': [ '4.4.1' ],
54 silly audit   util: [ '0.10.4' ],
54 silly audit   'util-deprecate': [ '1.0.2' ],
54 silly audit   'utils-merge': [ '1.0.1' ],
54 silly audit   'v8-to-istanbul': [ '9.0.1' ],
54 silly audit   validator: [ '13.7.0' ],
54 silly audit   vary: [ '1.1.2' ],
54 silly audit   verror: [ '1.10.0' ],
54 silly audit   walker: [ '1.0.8' ],
54 silly audit   'webidl-conversions': [ '3.0.1' ],
54 silly audit   'whatwg-url': [ '5.0.0' ],
54 silly audit   which: [ '2.0.2' ],
54 silly audit   'which-boxed-primitive': [ '1.0.2' ],
54 silly audit   wkx: [ '0.5.0' ],
54 silly audit   'wrap-ansi': [ '7.0.0' ],
54 silly audit   wrappy: [ '1.0.2' ],
54 silly audit   'write-file-atomic': [ '4.0.2' ],
54 silly audit   ws: [ '8.2.3' ],
54 silly audit   'xml-js': [ '1.6.11' ],
54 silly audit   xmldom: [ '0.6.0' ],
54 silly audit   'xmlhttprequest-ssl': [ '2.0.0' ],
54 silly audit   xpath: [ '0.0.32' ],
54 silly audit   xtend: [ '4.0.2' ],
54 silly audit   y18n: [ '5.0.8' ],
54 silly audit   yargs: [ '17.6.0' ],
54 silly audit   'yargs-parser': [ '21.1.1' ],
54 silly audit   'yocto-queue': [ '0.1.0' ],
54 silly audit   asposeslidescloud: [ '22.10.0' ]
54 silly audit }
55 verbose reify failed optional dependency /home/dpcsdev/daikin-api/node_modules/fsevents
56 silly reify mark deleted [ '/home/dpcsdev/daikin-api/node_modules/fsevents' ]
57 timing reifyNode:node_modules/fsevents Completed in 4ms
58 silly tarball no local data for asposeslidescloud@https://registry.npmjs.org/asposeslidescloud/-/asposeslidescloud-22.10.0.tgz. Extracting by manifest.
59 http fetch POST 200 https://registry.npmjs.org/-/npm/v1/security/advisories/bulk 289ms
60 timing auditReport:getReport Completed in 298ms
61 silly audit report {
61 silly audit report   xmldom: [
61 silly audit report     {
61 silly audit report       id: 1067480,
61 silly audit report       url: 'https://github.com/advisories/GHSA-5fg8-2547-mr8q',
61 silly audit report       title: 'Misinterpretation of malicious XML input',
61 silly audit report       severity: 'moderate',
61 silly audit report       vulnerable_versions: '<0.7.0',
61 silly audit report       cwe: [Array],
61 silly audit report       cvss: [Object]
61 silly audit report     },
61 silly audit report     {
61 silly audit report       id: 1084727,
61 silly audit report       url: 'https://github.com/advisories/GHSA-9pgh-qqpf-7wqj',
61 silly audit report       title: "Improperly Controlled Modification of Object Prototype Attributes ('Prototype Pollution') in @xmldom/xmldom and xmldom",
61 silly audit report       severity: 'critical',
61 silly audit report       vulnerable_versions: '<=0.6.0',
61 silly audit report       cwe: [Array],
61 silly audit report       cvss: [Object]
61 silly audit report     },
61 silly audit report     {
61 silly audit report       id: 1084901,
61 silly audit report       url: 'https://github.com/advisories/GHSA-crh6-fp67-6883',
61 silly audit report       title: 'xmldom allows multiple root nodes in a DOM',
61 silly audit report       severity: 'critical',
61 silly audit report       vulnerable_versions: '<=0.6.0',
61 silly audit report       cwe: [Array],
61 silly audit report       cvss: [Object]
61 silly audit report     }
61 silly audit report   ],
61 silly audit report   '@xmldom/xmldom': [
61 silly audit report     {
61 silly audit report       id: 1084725,
61 silly audit report       url: 'https://github.com/advisories/GHSA-9pgh-qqpf-7wqj',
61 silly audit report       title: "Improperly Controlled Modification of Object Prototype Attributes ('Prototype Pollution') in @xmldom/xmldom and xmldom",
61 silly audit report       severity: 'critical',
61 silly audit report       vulnerable_versions: '>=0.8.0 <0.8.3',
61 silly audit report       cwe: [Array],
61 silly audit report       cvss: [Object]
61 silly audit report     },
61 silly audit report     {
61 silly audit report       id: 1084899,
61 silly audit report       url: 'https://github.com/advisories/GHSA-crh6-fp67-6883',
61 silly audit report       title: 'xmldom allows multiple root nodes in a DOM',
61 silly audit report       severity: 'critical',
61 silly audit report       vulnerable_versions: '>=0.8.0 <0.8.4',
61 silly audit report       cwe: [Array],
61 silly audit report       cvss: [Object]
61 silly audit report     }
61 silly audit report   ]
61 silly audit report }
62 timing metavuln:cache:get:security-advisory:xmldom:/MQv5neyFkpqCwEgiWI7HukCHE6jept1Ax0cof+0WPKRxMwNUnIFMmJn7uG47uAqtXEawZZo8/XeyU9ZU9mBRg== Completed in 2ms
63 timing metavuln:cache:get:security-advisory:@xmldom/xmldom:Ex0vitT2p2joOPqgOLDeNSfwIfohAVMhiRsG5OGuNhzFaqzmZpwS1GqI3iUzaUU1uOLfYi1SgaUf19FfEPM3Rw== Completed in 1ms
64 timing metavuln:cache:get:security-advisory:xmldom:ujUrXa1B0oSIkeBAqBIIxletsXHqAWswoc/e+flOOPqm/KAnxBbYNhvVC4j1m+qOd9sahOsks6N03rEUdRqBeg== Completed in 10ms
65 timing metavuln:cache:get:security-advisory:@xmldom/xmldom:xpuyx86kUkH7WYgqsrQ4iouDATmJrzpnIQX2AJZp7Js3VuSbJMIu3sagMGH5171tikic1d3ypxZ2SYKVtdR/6w== Completed in 19ms
66 timing metavuln:cache:get:security-advisory:xmldom:cxAONiWBO3sPvQMNpOryttTahoodMk1GhrAjiDZCz3dYnog3c469ratF5zsAq98MDR72zQks+NfrhdFW/juLIg== Completed in 23ms
67 http fetch GET 200 https://registry.npmjs.org/xmldom 52ms (cache revalidated)
68 timing metavuln:packument:xmldom Completed in 54ms
69 timing metavuln:load:security-advisory:xmldom:1067480 Completed in 1ms
70 timing metavuln:calculate:security-advisory:xmldom:1067480 Completed in 56ms
71 timing metavuln:load:security-advisory:xmldom:1084727 Completed in 0ms
72 timing metavuln:calculate:security-advisory:xmldom:1084727 Completed in 54ms
73 timing metavuln:load:security-advisory:xmldom:1084901 Completed in 2ms
74 timing metavuln:cache:put:security-advisory:xmldom:/MQv5neyFkpqCwEgiWI7HukCHE6jept1Ax0cof+0WPKRxMwNUnIFMmJn7uG47uAqtXEawZZo8/XeyU9ZU9mBRg== Completed in 9ms
75 timing metavuln:calculate:security-advisory:xmldom:1084901 Completed in 65ms
76 http fetch GET 200 https://registry.npmjs.org/@xmldom%2fxmldom 70ms (cache updated)
77 timing metavuln:packument:@xmldom/xmldom Completed in 70ms
78 timing metavuln:load:security-advisory:@xmldom/xmldom:1084725 Completed in 0ms
79 timing metavuln:load:security-advisory:@xmldom/xmldom:1084899 Completed in 1ms
80 timing metavuln:cache:put:security-advisory:@xmldom/xmldom:xpuyx86kUkH7WYgqsrQ4iouDATmJrzpnIQX2AJZp7Js3VuSbJMIu3sagMGH5171tikic1d3ypxZ2SYKVtdR/6w== Completed in 4ms
81 timing metavuln:calculate:security-advisory:@xmldom/xmldom:1084725 Completed in 75ms
82 timing metavuln:cache:put:security-advisory:@xmldom/xmldom:Ex0vitT2p2joOPqgOLDeNSfwIfohAVMhiRsG5OGuNhzFaqzmZpwS1GqI3iUzaUU1uOLfYi1SgaUf19FfEPM3Rw== Completed in 4ms
83 timing metavuln:calculate:security-advisory:@xmldom/xmldom:1084899 Completed in 75ms
84 timing metavuln:cache:get:security-advisory:pptx-automizer:Csy4iWsccn47ABxR33PULAI7qeO9vB4A1DEtVn4/qs+jBIwWrW2CTQCTNlp9gksF2TcgGOvrea57vE85vdHj0A== Completed in 11ms
85 http fetch GET 200 https://registry.npmjs.org/pptx-automizer 922ms (cache revalidated)
86 timing metavuln:packument:pptx-automizer Completed in 923ms
87 timing metavuln:load:security-advisory:pptx-automizer:xpuyx86kUkH7WYgqsrQ4iouDATmJrzpnIQX2AJZp7Js3VuSbJMIu3sagMGH5171tikic1d3ypxZ2SYKVtdR/6w== Completed in 1ms
88 timing metavuln:cache:put:security-advisory:pptx-automizer:Csy4iWsccn47ABxR33PULAI7qeO9vB4A1DEtVn4/qs+jBIwWrW2CTQCTNlp9gksF2TcgGOvrea57vE85vdHj0A== Completed in 2ms
89 timing metavuln:calculate:security-advisory:pptx-automizer:xpuyx86kUkH7WYgqsrQ4iouDATmJrzpnIQX2AJZp7Js3VuSbJMIu3sagMGH5171tikic1d3ypxZ2SYKVtdR/6w== Completed in 926ms
90 timing auditReport:init Completed in 1009ms
91 timing reify:audit Completed in 1308ms
92 http fetch GET 200 https://registry.npmjs.org/asposeslidescloud/-/asposeslidescloud-22.10.0.tgz 1403ms (cache miss)
93 timing reifyNode:node_modules/asposeslidescloud Completed in 1412ms
94 timing reify:unpack Completed in 1413ms
95 timing reify:unretire Completed in 0ms
96 timing build:queue Completed in 1ms
97 timing build:deps Completed in 1ms
98 timing build Completed in 1ms
99 timing reify:build Completed in 2ms
100 timing reify:trash Completed in 3ms
101 timing reify:save Completed in 115ms
102 timing reify Completed in 3378ms
103 silly ADD
104 silly CHANGE node_modules/asposeslidescloud
105 timing command:i Completed in 3393ms
106 verbose exit 0
107 timing npm Completed in 3725ms
108 info ok
