0 verbose cli /usr/local/bin/node /usr/local/bin/npm
1 info using npm@9.5.1
2 info using node@v18.16.0
3 timing npm:load:whichnode Completed in 2ms
4 timing config:load:defaults Completed in 3ms
5 timing config:load:file:/usr/local/lib/node_modules/npm/npmrc Completed in 1ms
6 timing config:load:builtin Completed in 1ms
7 timing config:load:cli Completed in 2ms
8 timing config:load:env Completed in 1ms
9 timing config:load:project Completed in 0ms
10 timing config:load:file:/home/dpcsdev/.npmrc Completed in 0ms
11 timing config:load:user Completed in 1ms
12 timing config:load:file:/usr/local/etc/npmrc Completed in 0ms
13 timing config:load:global Completed in 1ms
14 timing config:load:setEnvs Completed in 1ms
15 timing config:load Completed in 11ms
16 timing npm:load:configload Completed in 11ms
17 timing npm:load:mkdirpcache Completed in 0ms
18 timing npm:load:mkdirplogs Completed in 1ms
19 verbose title npm install yarn
20 verbose argv "install" "--global" "yarn"
21 timing npm:load:setTitle Completed in 1ms
22 timing config:load:flatten Completed in 4ms
23 timing npm:load:display Completed in 4ms
24 verbose logfile logs-max:10 dir:/home/dpcsdev/.npm/_logs/2023-11-06T09_16_19_416Z-
25 verbose logfile /home/dpcsdev/.npm/_logs/2023-11-06T09_16_19_416Z-debug-0.log
26 timing npm:load:logFile Completed in 6ms
27 timing npm:load:timers Completed in 0ms
28 timing npm:load:configScope Completed in 0ms
29 timing npm:load Completed in 26ms
30 timing config:load:flatten Completed in 0ms
31 timing arborist:ctor Completed in 1ms
32 silly logfile start cleaning logs, removing 1 files
33 silly logfile done cleaning log files
34 timing idealTree:init Completed in 6ms
35 timing idealTree:userRequests Completed in 3ms
36 silly idealTree buildDeps
37 silly fetch manifest yarn@*
38 http fetch GET 200 https://registry.npmjs.org/yarn 89ms (cache hit)
39 silly placeDep ROOT yarn@1.22.19 OK for:  want: *
40 timing idealTree:#root Completed in 101ms
41 timing idealTree:node_modules/yarn Completed in 0ms
42 timing idealTree:buildDeps Completed in 101ms
43 timing idealTree:fixDepFlags Completed in 1ms
44 timing idealTree Completed in 114ms
45 timing reify:loadTrees Completed in 123ms
46 timing reify:diffTrees Completed in 1ms
47 silly reify mark retired [
47 silly reify   '/usr/local/lib/node_modules/yarn',
47 silly reify   '/usr/local/bin/yarn',
47 silly reify   '/usr/local/bin/yarnpkg'
47 silly reify ]
48 silly reify moves {
48 silly reify   '/usr/local/lib/node_modules/yarn': '/usr/local/lib/node_modules/.yarn-Jrexx8nI',
48 silly reify   '/usr/local/bin/yarn': '/usr/local/bin/.yarn-PedZXo5L',
48 silly reify   '/usr/local/bin/yarnpkg': '/usr/local/bin/.yarnpkg-cxSvgbtB'
48 silly reify }
49 timing reify:rollback:retireShallow Completed in 1ms
50 timing command:install Completed in 148ms
51 verbose stack Error: EACCES: permission denied, rename '/usr/local/lib/node_modules/yarn' -> '/usr/local/lib/node_modules/.yarn-Jrexx8nI'
52 verbose cwd /home/dpcsdev/daikin-be
53 verbose Linux 5.15.0-1047-azure
54 verbose node v18.16.0
55 verbose npm  v9.5.1
56 error code EACCES
57 error syscall rename
58 error path /usr/local/lib/node_modules/yarn
59 error dest /usr/local/lib/node_modules/.yarn-Jrexx8nI
60 error errno -13
61 error [Error: EACCES: permission denied, rename '/usr/local/lib/node_modules/yarn' -> '/usr/local/lib/node_modules/.yarn-Jrexx8nI'] {
61 error   errno: -13,
61 error   code: 'EACCES',
61 error   syscall: 'rename',
61 error   path: '/usr/local/lib/node_modules/yarn',
61 error   dest: '/usr/local/lib/node_modules/.yarn-Jrexx8nI'
61 error }
62 error
62 error The operation was rejected by your operating system.
62 error It is likely you do not have the permissions to access this file as the current user
62 error
62 error If you believe this might be a permissions issue, please double-check the
62 error permissions of the file and its containing directories, or try running
62 error the command again as root/Administrator.
63 verbose exit -13
64 timing npm Completed in 202ms
65 verbose unfinished npm timer reify 1699262179469
66 verbose unfinished npm timer reify:retireShallow 1699262179607
67 verbose code -13
68 error A complete log of this run can be found in:
68 error     /home/dpcsdev/.npm/_logs/2023-11-06T09_16_19_416Z-debug-0.log
