0 verbose cli /usr/local/bin/node /usr/local/bin/npm
1 info using npm@9.5.1
2 info using node@v18.16.0
3 timing npm:load:whichnode Completed in 3ms
4 timing config:load:defaults Completed in 9ms
5 timing config:load:file:/usr/local/lib/node_modules/npm/npmrc Completed in 2ms
6 timing config:load:builtin Completed in 2ms
7 timing config:load:cli Completed in 1ms
8 timing config:load:env Completed in 0ms
9 timing config:load:file:/home/dpcsdev/daikin-api-old/.npmrc Completed in 0ms
10 timing config:load:project Completed in 1ms
11 timing config:load:file:/home/dpcsdev/.npmrc Completed in 0ms
12 timing config:load:user Completed in 0ms
13 timing config:load:file:/usr/local/etc/npmrc Completed in 0ms
14 timing config:load:global Completed in 0ms
15 timing config:load:setEnvs Completed in 1ms
16 timing config:load Completed in 15ms
17 timing npm:load:configload Completed in 15ms
18 timing npm:load:mkdirpcache Completed in 0ms
19 timing npm:load:mkdirplogs Completed in 1ms
20 verbose title npm i
21 verbose argv "i"
22 timing npm:load:setTitle Completed in 1ms
23 timing config:load:flatten Completed in 3ms
24 timing npm:load:display Completed in 4ms
25 verbose logfile logs-max:10 dir:/home/dpcsdev/.npm/_logs/2023-09-06T04_37_56_146Z-
26 verbose logfile /home/dpcsdev/.npm/_logs/2023-09-06T04_37_56_146Z-debug-0.log
27 timing npm:load:logFile Completed in 4ms
28 timing npm:load:timers Completed in 0ms
29 timing npm:load:configScope Completed in 0ms
30 timing npm:load Completed in 28ms
31 timing arborist:ctor Completed in 1ms
32 silly logfile done cleaning log files
33 timing idealTree:init Completed in 375ms
34 timing idealTree:userRequests Completed in 0ms
35 silly idealTree buildDeps
36 timing idealTree:#root Completed in 1ms
37 timing idealTree:buildDeps Completed in 1ms
38 timing idealTree:fixDepFlags Completed in 0ms
39 timing idealTree Completed in 386ms
40 timing arborist:ctor Completed in 0ms
41 timing reify:loadTrees Completed in 902ms
42 timing reify:diffTrees Completed in 13ms
43 silly reify moves {}
44 timing reify:retireShallow Completed in 1ms
45 timing reify:createSparse Completed in 1ms
46 timing reify:loadBundles Completed in 0ms
47 silly audit bulk request {
47 silly audit   '@ampproject/remapping': [ '2.2.1' ],
47 silly audit   '@azure/abort-controller': [ '1.1.0' ],
47 silly audit   '@azure/core-auth': [ '1.4.0' ],
47 silly audit   '@azure/core-http': [ '3.0.1' ],
47 silly audit   uuid: [ '8.3.2', '3.4.0', '7.0.3' ],
47 silly audit   '@azure/core-lro': [ '2.5.2' ],
47 silly audit   '@azure/core-paging': [ '1.5.0' ],
47 silly audit   '@azure/core-tracing': [ '1.0.0-preview.13' ],
47 silly audit   '@azure/core-util': [ '1.3.1' ],
47 silly audit   '@azure/logger': [ '1.0.4' ],
47 silly audit   '@azure/msal-common': [ '12.1.0' ],
47 silly audit   '@azure/msal-node': [ '1.17.1' ],
47 silly audit   jsonwebtoken: [ '9.0.0', '8.5.1' ],
47 silly audit   'lru-cache': [ '6.0.0', '5.1.1', '4.0.2', '7.18.3' ],
47 silly audit   ms: [ '2.1.3', '2.1.2', '2.0.0' ],
47 silly audit   semver: [ '7.5.0', '5.7.1', '6.3.0' ],
47 silly audit   yallist: [ '4.0.0', '2.1.2', '3.1.1' ],
47 silly audit   '@azure/storage-blob': [ '12.14.0' ],
47 silly audit   '@babel/code-frame': [ '7.21.4' ],
47 silly audit   '@babel/compat-data': [ '7.21.4' ],
47 silly audit   '@babel/core': [ '7.21.4' ],
47 silly audit   'convert-source-map': [ '1.9.0', '2.0.0' ],
47 silly audit   debug: [ '4.3.4', '2.6.9' ],
47 silly audit   '@babel/generator': [ '7.21.4' ],
47 silly audit   '@babel/helper-compilation-targets': [ '7.21.4' ],
47 silly audit   '@babel/helper-environment-visitor': [ '7.18.9' ],
47 silly audit   '@babel/helper-function-name': [ '7.21.0' ],
47 silly audit   '@babel/helper-hoist-variables': [ '7.18.6' ],
47 silly audit   '@babel/helper-module-imports': [ '7.21.4' ],
47 silly audit   '@babel/helper-module-transforms': [ '7.21.2' ],
47 silly audit   '@babel/helper-plugin-utils': [ '7.20.2' ],
47 silly audit   '@babel/helper-simple-access': [ '7.20.2' ],
47 silly audit   '@babel/helper-split-export-declaration': [ '7.18.6' ],
47 silly audit   '@babel/helper-string-parser': [ '7.19.4' ],
47 silly audit   '@babel/helper-validator-identifier': [ '7.19.1' ],
47 silly audit   '@babel/helper-validator-option': [ '7.21.0' ],
47 silly audit   '@babel/helpers': [ '7.21.0' ],
47 silly audit   '@babel/highlight': [ '7.18.6' ],
47 silly audit   'ansi-styles': [ '3.2.1', '4.3.0', '5.2.0' ],
47 silly audit   chalk: [ '2.4.2', '4.1.2' ],
47 silly audit   'color-convert': [ '1.9.3', '2.0.1' ],
47 silly audit   'color-name': [ '1.1.3', '1.1.4' ],
47 silly audit   'escape-string-regexp': [ '1.0.5', '2.0.0' ],
47 silly audit   'has-flag': [ '3.0.0', '4.0.0' ],
47 silly audit   'supports-color': [ '5.5.0', '8.1.1', '7.2.0' ],
47 silly audit   '@babel/parser': [ '7.21.4' ],
47 silly audit   '@babel/plugin-syntax-async-generators': [ '7.8.4' ],
47 silly audit   '@babel/plugin-syntax-bigint': [ '7.8.3' ],
47 silly audit   '@babel/plugin-syntax-class-properties': [ '7.12.13' ],
47 silly audit   '@babel/plugin-syntax-import-meta': [ '7.10.4' ],
47 silly audit   '@babel/plugin-syntax-json-strings': [ '7.8.3' ],
47 silly audit   '@babel/plugin-syntax-jsx': [ '7.21.4' ],
47 silly audit   '@babel/plugin-syntax-logical-assignment-operators': [ '7.10.4' ],
47 silly audit   '@babel/plugin-syntax-nullish-coalescing-operator': [ '7.8.3' ],
47 silly audit   '@babel/plugin-syntax-numeric-separator': [ '7.10.4' ],
47 silly audit   '@babel/plugin-syntax-object-rest-spread': [ '7.8.3' ],
47 silly audit   '@babel/plugin-syntax-optional-catch-binding': [ '7.8.3' ],
47 silly audit   '@babel/plugin-syntax-optional-chaining': [ '7.8.3' ],
47 silly audit   '@babel/plugin-syntax-top-level-await': [ '7.14.5' ],
47 silly audit   '@babel/plugin-syntax-typescript': [ '7.21.4' ],
47 silly audit   '@babel/runtime': [ '7.21.0' ],
47 silly audit   '@babel/template': [ '7.20.7' ],
47 silly audit   '@babel/traverse': [ '7.21.4' ],
47 silly audit   '@babel/types': [ '7.21.4' ],
47 silly audit   '@bcoe/v8-coverage': [ '0.2.3' ],
47 silly audit   '@hapi/hoek': [ '9.3.0' ],
47 silly audit   '@hapi/topo': [ '5.1.0' ],
47 silly audit   '@istanbuljs/load-nyc-config': [ '1.1.0' ],
47 silly audit   '@istanbuljs/schema': [ '0.1.3' ],
47 silly audit   '@jest/console': [ '29.5.0' ],
47 silly audit   '@jest/core': [ '29.5.0' ],
47 silly audit   '@jest/environment': [ '29.5.0' ],
47 silly audit   '@jest/expect': [ '29.5.0' ],
47 silly audit   '@jest/expect-utils': [ '29.5.0' ],
47 silly audit   '@jest/fake-timers': [ '29.5.0' ],
47 silly audit   '@jest/globals': [ '29.5.0' ],
47 silly audit   '@jest/reporters': [ '29.5.0' ],
47 silly audit   '@jest/schemas': [ '29.4.3' ],
47 silly audit   '@jest/source-map': [ '29.4.3' ],
47 silly audit   '@jest/test-result': [ '29.5.0' ],
47 silly audit   '@jest/test-sequencer': [ '29.5.0' ],
47 silly audit   '@jest/transform': [ '29.5.0' ],
47 silly audit   '@jest/types': [ '29.5.0' ],
47 silly audit   '@jridgewell/gen-mapping': [ '0.3.3' ],
47 silly audit   '@jridgewell/resolve-uri': [ '3.1.0' ],
47 silly audit   '@jridgewell/set-array': [ '1.1.2' ],
47 silly audit   '@jridgewell/sourcemap-codec': [ '1.4.15', '1.4.14' ],
47 silly audit   '@jridgewell/trace-mapping': [ '0.3.18' ],
47 silly audit   '@opentelemetry/api': [ '1.4.1' ],
47 silly audit   '@panva/asn1.js': [ '1.0.0' ],
47 silly audit   '@sendgrid/client': [ '7.7.0' ],
47 silly audit   axios: [ '0.26.1', '0.27.2' ],
47 silly audit   '@sendgrid/helpers': [ '7.7.0' ],
47 silly audit   '@sendgrid/mail': [ '7.7.0' ],
47 silly audit   '@sideway/address': [ '4.1.4' ],
47 silly audit   '@sideway/formula': [ '3.0.1' ],
47 silly audit   '@sideway/pinpoint': [ '2.0.0' ],
47 silly audit   '@sinclair/typebox': [ '0.25.24' ],
47 silly audit   '@sinonjs/commons': [ '2.0.0' ],
47 silly audit   '@sinonjs/fake-timers': [ '10.0.2' ],
47 silly audit   '@socket.io/component-emitter': [ '3.1.0' ],
47 silly audit   '@types/babel__core': [ '7.20.0' ],
47 silly audit   '@types/babel__generator': [ '7.6.4' ],
47 silly audit   '@types/babel__template': [ '7.4.1' ],
47 silly audit   '@types/babel__traverse': [ '7.18.5' ],
47 silly audit   '@types/body-parser': [ '1.19.2' ],
47 silly audit   '@types/connect': [ '3.4.35' ],
47 silly audit   '@types/debug': [ '4.1.7' ],
47 silly audit   '@types/express': [ '4.17.17' ],
47 silly audit   '@types/express-serve-static-core': [ '4.17.34' ],
47 silly audit   '@types/graceful-fs': [ '4.1.6' ],
47 silly audit   '@types/istanbul-lib-coverage': [ '2.0.4' ],
47 silly audit   '@types/istanbul-lib-report': [ '3.0.0' ],
47 silly audit   '@types/istanbul-reports': [ '3.0.1' ],
47 silly audit   '@types/jsonwebtoken': [ '8.5.9' ],
47 silly audit   '@types/mime': [ '1.3.2' ],
47 silly audit   '@types/ms': [ '0.7.31' ],
47 silly audit   '@types/node': [ '18.16.2' ],
47 silly audit   '@types/node-fetch': [ '2.6.3' ],
47 silly audit   'form-data': [ '3.0.1', '4.0.0', '2.3.3' ],
47 silly audit   '@types/prettier': [ '2.7.2' ],
47 silly audit   '@types/qs': [ '6.9.7' ],
47 silly audit   '@types/range-parser': [ '1.2.4' ],
47 silly audit   '@types/send': [ '0.17.1' ],
47 silly audit   '@types/serve-static': [ '1.15.1' ],
47 silly audit   '@types/stack-utils': [ '2.0.1' ],
47 silly audit   '@types/tunnel': [ '0.0.3' ],
47 silly audit   '@types/validator': [ '13.7.15' ],
47 silly audit   '@types/yargs': [ '17.0.24' ],
47 silly audit   '@types/yargs-parser': [ '21.0.0' ],
47 silly audit   '@xmldom/xmldom': [ '0.8.7' ],
47 silly audit   accepts: [ '1.3.8' ],
47 silly audit   ajv: [ '6.12.6' ],
47 silly audit   'ansi-escapes': [ '4.3.2' ],
47 silly audit   'ansi-regex': [ '5.0.1' ],
47 silly audit   anymatch: [ '3.1.3' ],
47 silly audit   'append-field': [ '1.0.0' ],
47 silly audit   argparse: [ '1.0.10' ],
47 silly audit   'array-buffer-byte-length': [ '1.0.0' ],
47 silly audit   'array-flatten': [ '1.1.1' ],
47 silly audit   asn1: [ '0.2.6' ],
47 silly audit   asposeslidescloud: [ '22.12.0' ],
47 silly audit   'assert-plus': [ '1.0.0' ],
47 silly audit   async: [ '3.2.4', '2.6.4' ],
47 silly audit   asynckit: [ '0.4.0' ],
47 silly audit   'available-typed-arrays': [ '1.0.5' ],
47 silly audit   'aws-sign2': [ '0.7.0' ],
47 silly audit   aws4: [ '1.12.0' ],
47 silly audit   'axios-retry': [ '3.4.0' ],
47 silly audit   'azure-ad-jwt': [ '1.1.0' ],
47 silly audit   'azure-ad-verify-token': [ '2.0.1' ],
47 silly audit   'azure-storage': [ '2.10.7' ],
47 silly audit   sax: [ '0.5.8', '1.2.4' ],
47 silly audit   xml2js: [ '0.2.8', '0.4.23', '0.5.0' ],
47 silly audit   'babel-jest': [ '29.5.0' ],
47 silly audit   'babel-plugin-istanbul': [ '6.1.1' ],
47 silly audit   'babel-plugin-jest-hoist': [ '29.5.0' ],
47 silly audit   'babel-preset-current-node-syntax': [ '1.0.1' ],
47 silly audit   'babel-preset-jest': [ '29.5.0' ],
47 silly audit   'balanced-match': [ '1.0.2' ],
47 silly audit   'bcrypt-pbkdf': [ '1.0.2' ],
47 silly audit   'body-parser': [ '1.20.1' ],
47 silly audit   'brace-expansion': [ '1.1.11' ],
47 silly audit   braces: [ '3.0.2' ],
47 silly audit   'browserify-mime': [ '1.2.9' ],
47 silly audit   browserslist: [ '4.21.5' ],
47 silly audit   bser: [ '2.1.1' ],
47 silly audit   'buffer-equal-constant-time': [ '1.0.1' ],
47 silly audit   'buffer-from': [ '1.1.2' ],
47 silly audit   busboy: [ '1.6.0' ],
47 silly audit   bytes: [ '3.1.2' ],
47 silly audit   'call-bind': [ '1.0.2' ],
47 silly audit   callsites: [ '3.1.0' ],
47 silly audit   camelcase: [ '5.3.1', '6.3.0' ],
47 silly audit   'caniuse-lite': [ '1.0.30001481' ],
47 silly audit   caseless: [ '0.12.0' ],
47 silly audit   'char-regex': [ '1.0.2' ],
47 silly audit   'ci-info': [ '3.8.0' ],
47 silly audit   'cjs-module-lexer': [ '1.2.2' ],
47 silly audit   cliui: [ '8.0.1' ],
47 silly audit   cloudconvert: [ '2.3.1' ],
47 silly audit   co: [ '4.6.0' ],
47 silly audit   'collect-v8-coverage': [ '1.0.1' ],
47 silly audit   'combined-stream': [ '1.0.8' ],
47 silly audit   'concat-map': [ '0.0.1' ],
47 silly audit   'concat-stream': [ '1.6.2' ],
47 silly audit   'content-disposition': [ '0.5.4' ],
47 silly audit   'content-type': [ '1.0.5' ],
47 silly audit   cookie: [ '0.5.0' ],
47 silly audit   'cookie-signature': [ '1.0.6' ],
47 silly audit   'core-util-is': [ '1.0.3', '1.0.2' ],
47 silly audit   cors: [ '2.8.5' ],
47 silly audit   'cron-parser': [ '4.8.1' ],
47 silly audit   'cross-spawn': [ '7.0.3' ],
47 silly audit   dashdash: [ '1.14.1' ],
47 silly audit   dedent: [ '0.7.0' ],
47 silly audit   deepmerge: [ '4.3.1' ],
47 silly audit   'define-properties': [ '1.2.0' ],
47 silly audit   'delayed-stream': [ '1.0.0' ],
47 silly audit   denque: [ '2.1.0' ],
47 silly audit   depd: [ '2.0.0' ],
47 silly audit   destroy: [ '1.2.0' ],
47 silly audit   'detect-newline': [ '3.1.0' ],
47 silly audit   'diff-sequences': [ '29.4.3' ],
47 silly audit   dotenv: [ '16.0.3' ],
47 silly audit   dottie: [ '2.0.3' ],
47 silly audit   'ecc-jsbn': [ '0.1.2' ],
47 silly audit   'ecdsa-sig-formatter': [ '1.0.11' ],
47 silly audit   'ee-first': [ '1.1.1' ],
47 silly audit   'electron-to-chromium': [ '1.4.376' ],
47 silly audit   emittery: [ '0.13.1' ],
47 silly audit   'emoji-regex': [ '8.0.0' ],
47 silly audit   encodeurl: [ '1.0.2' ],
47 silly audit   'engine.io-client': [ '6.4.0' ],
47 silly audit   'engine.io-parser': [ '5.0.6' ],
47 silly audit   'error-ex': [ '1.3.2' ],
47 silly audit   'es-abstract': [ '1.21.2' ],
47 silly audit   'es-set-tostringtag': [ '2.0.1' ],
47 silly audit   'es-to-primitive': [ '1.2.1' ],
47 silly audit   escalade: [ '3.1.1' ],
47 silly audit   'escape-html': [ '1.0.3' ],
47 silly audit   esprima: [ '4.0.1' ],
47 silly audit   etag: [ '1.8.1' ],
47 silly audit   events: [ '3.3.0' ],
47 silly audit   execa: [ '5.1.1' ],
47 silly audit   exit: [ '0.1.2' ],
47 silly audit   expect: [ '29.5.0' ],
47 silly audit   express: [ '4.18.2' ],
47 silly audit   extend: [ '3.0.2' ],
47 silly audit   extsprintf: [ '1.3.0' ],
47 silly audit   'fast-deep-equal': [ '3.1.3' ],
47 silly audit   'fast-json-stable-stringify': [ '2.1.0' ],
47 silly audit   'fb-watchman': [ '2.0.2' ],
47 silly audit   'fill-range': [ '7.0.1' ],
47 silly audit   finalhandler: [ '1.2.0' ],
47 silly audit   'find-up': [ '4.1.0' ],
47 silly audit   'follow-redirects': [ '1.15.2' ],
47 silly audit   'for-each': [ '0.3.3' ],
47 silly audit   'forever-agent': [ '0.6.1' ],
47 silly audit   forwarded: [ '0.2.0' ],
47 silly audit   fresh: [ '0.5.2' ],
47 silly audit   'fs.realpath': [ '1.0.0' ],
47 silly audit   fsevents: [ '2.3.2' ],
47 silly audit   'function-bind': [ '1.1.1' ],
47 silly audit   'function.prototype.name': [ '1.1.5' ],
47 silly audit   'functions-have-names': [ '1.2.3' ],
47 silly audit   'generate-function': [ '2.3.1' ],
47 silly audit   gensync: [ '1.0.0-beta.2' ],
47 silly audit   'get-caller-file': [ '2.0.5' ],
47 silly audit   'get-intrinsic': [ '1.2.0' ],
47 silly audit   'get-package-type': [ '0.1.0' ],
47 silly audit   'get-stream': [ '6.0.1' ],
47 silly audit   'get-symbol-description': [ '1.0.0' ],
47 silly audit   getpass: [ '0.1.7' ],
47 silly audit   glob: [ '7.2.3' ],
47 silly audit   globals: [ '11.12.0' ],
47 silly audit   globalthis: [ '1.0.3' ],
47 silly audit   gopd: [ '1.0.1' ],
47 silly audit   'graceful-fs': [ '4.2.11' ],
47 silly audit   'har-schema': [ '2.0.0' ],
47 silly audit   'har-validator': [ '5.1.5' ],
47 silly audit   has: [ '1.0.3' ],
47 silly audit   'has-bigints': [ '1.0.2' ],
47 silly audit   'has-property-descriptors': [ '1.0.0' ],
47 silly audit   'has-proto': [ '1.0.1' ],
47 silly audit   'has-symbols': [ '1.0.3' ],
47 silly audit   'has-tostringtag': [ '1.0.0' ],
47 silly audit   'hash-base': [ '3.1.0' ],
47 silly audit   'readable-stream': [ '3.6.2', '2.3.8' ],
47 silly audit   'html-escaper': [ '2.0.2' ],
47 silly audit   'http-errors': [ '2.0.0' ],
47 silly audit   'http-signature': [ '1.2.0' ],
47 silly audit   https: [ '1.0.0' ],
47 silly audit   'human-signals': [ '2.1.0' ],
47 silly audit   'iconv-lite': [ '0.4.24', '0.6.3' ],
47 silly audit   'image-size': [ '0.6.3', '1.0.2' ],
47 silly audit   immediate: [ '3.0.6' ],
47 silly audit   'import-local': [ '3.1.0' ],
47 silly audit   imurmurhash: [ '0.1.4' ],
47 silly audit   inflection: [ '1.13.4' ],
47 silly audit   inflight: [ '1.0.6' ],
47 silly audit   inherits: [ '2.0.4', '2.0.3' ],
47 silly audit   'internal-slot': [ '1.0.5' ],
47 silly audit   'ipaddr.js': [ '1.9.1' ],
47 silly audit   'is-array-buffer': [ '3.0.2' ],
47 silly audit   'is-arrayish': [ '0.2.1' ],
47 silly audit   'is-bigint': [ '1.0.4' ],
47 silly audit   'is-boolean-object': [ '1.1.2' ],
47 silly audit   'is-callable': [ '1.2.7' ],
47 silly audit   'is-core-module': [ '2.12.0' ],
47 silly audit   'is-date-object': [ '1.0.5' ],
47 silly audit   'is-fullwidth-code-point': [ '3.0.0' ],
47 silly audit   'is-generator-fn': [ '2.1.0' ],
47 silly audit   'is-negative-zero': [ '2.0.2' ],
47 silly audit   'is-number': [ '7.0.0' ],
47 silly audit   'is-number-object': [ '1.0.7' ],
47 silly audit   'is-property': [ '1.0.2' ],
47 silly audit   'is-regex': [ '1.1.4' ],
47 silly audit   'is-retry-allowed': [ '2.2.0' ],
47 silly audit   'is-shared-array-buffer': [ '1.0.2' ],
47 silly audit   'is-stream': [ '2.0.1' ],
47 silly audit   'is-string': [ '1.0.7' ],
47 silly audit   'is-symbol': [ '1.0.4' ],
47 silly audit   'is-typed-array': [ '1.1.10' ],
47 silly audit   'is-typedarray': [ '1.0.0' ],
47 silly audit   'is-weakref': [ '1.0.2' ],
47 silly audit   isarray: [ '1.0.0' ],
47 silly audit   isexe: [ '2.0.0' ],
47 silly audit   isstream: [ '0.1.2' ],
47 silly audit   'istanbul-lib-coverage': [ '3.2.0' ],
47 silly audit   'istanbul-lib-instrument': [ '5.2.1' ],
47 silly audit   'istanbul-lib-report': [ '3.0.0' ],
47 silly audit   'istanbul-lib-source-maps': [ '4.0.1' ],
47 silly audit   'istanbul-reports': [ '3.1.5' ],
47 silly audit   jest: [ '29.5.0' ],
47 silly audit   'jest-changed-files': [ '29.5.0' ],
47 silly audit   'jest-circus': [ '29.5.0' ],
47 silly audit   'jest-cli': [ '29.5.0' ],
47 silly audit   'jest-config': [ '29.5.0' ],
47 silly audit   'jest-diff': [ '29.5.0' ],
47 silly audit   'jest-docblock': [ '29.4.3' ],
47 silly audit   'jest-each': [ '29.5.0' ],
47 silly audit   'jest-environment-node': [ '29.5.0' ],
47 silly audit   'jest-get-type': [ '29.4.3' ],
47 silly audit   'jest-haste-map': [ '29.5.0' ],
47 silly audit   'jest-leak-detector': [ '29.5.0' ],
47 silly audit   'jest-matcher-utils': [ '29.5.0' ],
47 silly audit   'jest-message-util': [ '29.5.0' ],
47 silly audit   'jest-mock': [ '29.5.0' ],
47 silly audit   'jest-pnp-resolver': [ '1.2.3' ],
47 silly audit   'jest-regex-util': [ '29.4.3' ],
47 silly audit   'jest-resolve': [ '29.5.0' ],
47 silly audit   'jest-resolve-dependencies': [ '29.5.0' ],
47 silly audit   'jest-runner': [ '29.5.0' ],
47 silly audit   'jest-runtime': [ '29.5.0' ],
47 silly audit   'jest-snapshot': [ '29.5.0' ],
47 silly audit   'jest-util': [ '29.5.0' ],
47 silly audit   'jest-validate': [ '29.5.0' ],
47 silly audit   'jest-watcher': [ '29.5.0' ],
47 silly audit   'jest-worker': [ '29.5.0' ],
47 silly audit   joi: [ '17.9.2' ],
47 silly audit   jose: [ '2.0.6' ],
47 silly audit   'js-tokens': [ '4.0.0' ],
47 silly audit   'js-yaml': [ '3.14.1' ],
47 silly audit   jsbn: [ '0.1.1' ],
47 silly audit   jsesc: [ '2.5.2' ],
47 silly audit   'json-edm-parser': [ '0.1.2' ],
47 silly audit   'json-parse-even-better-errors': [ '2.3.1' ],
47 silly audit   'json-schema': [ '0.4.0' ],
47 silly audit   'json-schema-traverse': [ '0.4.1' ],
47 silly audit   'json-stringify-safe': [ '5.0.1' ],
47 silly audit   json5: [ '2.2.3' ],
47 silly audit   jsonparse: [ '1.2.0' ],
47 silly audit   jsprim: [ '1.4.2' ],
47 silly audit   jszip: [ '3.10.1' ],
47 silly audit   jwa: [ '1.4.1' ],
47 silly audit   'jwks-rsa': [ '2.1.5' ],
47 silly audit   jws: [ '3.2.2' ],
47 silly audit   kleur: [ '3.0.3' ],
47 silly audit   leven: [ '3.1.0' ],
47 silly audit   'libreoffice-convert': [ '1.4.1' ],
47 silly audit   lie: [ '3.3.0' ],
47 silly audit   limiter: [ '1.1.5' ],
47 silly audit   'lines-and-columns': [ '1.2.4' ],
47 silly audit   'locate-path': [ '5.0.0' ],
47 silly audit   lodash: [ '4.17.21' ],
47 silly audit   'lodash.clonedeep': [ '4.5.0' ],
47 silly audit   'lodash.includes': [ '4.3.0' ],
47 silly audit   'lodash.isboolean': [ '3.0.3' ],
47 silly audit   'lodash.isinteger': [ '4.0.4' ],
47 silly audit   'lodash.isnumber': [ '3.0.3' ],
47 silly audit   'lodash.isplainobject': [ '4.0.6' ],
47 silly audit   'lodash.isstring': [ '4.0.1' ],
47 silly audit   'lodash.once': [ '4.1.1' ],
47 silly audit   long: [ '4.0.0' ],
47 silly audit   'long-timeout': [ '0.1.1' ],
47 silly audit   'lru-memoizer': [ '2.2.0' ],
47 silly audit   luxon: [ '3.3.0' ],
47 silly audit   'make-dir': [ '3.1.0' ],
47 silly audit   makeerror: [ '1.0.12' ],
47 silly audit   'md5.js': [ '1.3.5' ],
47 silly audit   'media-typer': [ '0.3.0' ],
47 silly audit   'merge-descriptors': [ '1.0.1' ],
47 silly audit   'merge-stream': [ '2.0.0' ],
47 silly audit   methods: [ '1.1.2' ],
47 silly audit   micromatch: [ '4.0.5' ],
47 silly audit   mime: [ '1.6.0' ],
47 silly audit   'mime-db': [ '1.52.0' ],
47 silly audit   'mime-types': [ '2.1.35' ],
47 silly audit   'mimic-fn': [ '2.1.0' ],
47 silly audit   minimatch: [ '3.1.2' ],
47 silly audit   minimist: [ '1.2.8' ],
47 silly audit   mkdirp: [ '0.5.6' ],
47 silly audit   moment: [ '2.29.4' ],
47 silly audit   'moment-timezone': [ '0.5.43' ],
47 silly audit   multer: [ '1.4.5-lts.1' ],
47 silly audit   'multer-azure-blob-storage': [ '1.2.0' ],
47 silly audit   mysql2: [ '2.3.3' ],
47 silly audit   'named-placeholders': [ '1.1.3' ],
47 silly audit   'natural-compare': [ '1.4.0' ],
47 silly audit   negotiator: [ '0.6.3' ],
47 silly audit   'node-convert': [ '0.1.1' ],
47 silly audit   'node-fetch': [ '2.6.9' ],
47 silly audit   'node-int64': [ '0.4.0' ],
47 silly audit   'node-releases': [ '2.0.10' ],
47 silly audit   'node-schedule': [ '2.1.1' ],
47 silly audit   'nodejs-pptx': [ '1.2.3' ],
47 silly audit   xmlbuilder: [ '11.0.1', '9.0.7' ],
47 silly audit   'normalize-path': [ '3.0.0' ],
47 silly audit   'npm-run-path': [ '4.0.1' ],
47 silly audit   'oauth-sign': [ '0.9.0' ],
47 silly audit   'object-assign': [ '4.1.1' ],
47 silly audit   'object-inspect': [ '1.12.3' ],
47 silly audit   'object-keys': [ '1.1.1' ],
47 silly audit   'object.assign': [ '4.1.4' ],
47 silly audit   'on-finished': [ '2.4.1' ],
47 silly audit   once: [ '1.4.0' ],
47 silly audit   onetime: [ '5.1.2' ],
47 silly audit   'p-limit': [ '3.1.0', '2.3.0' ],
47 silly audit   'p-locate': [ '4.1.0' ],
47 silly audit   'p-try': [ '2.2.0' ],
47 silly audit   pako: [ '1.0.11' ],
47 silly audit   'parse-json': [ '5.2.0' ],
47 silly audit   parseurl: [ '1.3.3' ],
47 silly audit   path: [ '0.12.7' ],
47 silly audit   'path-exists': [ '4.0.0' ],
47 silly audit   'path-is-absolute': [ '1.0.1' ],
47 silly audit   'path-key': [ '3.1.1' ],
47 silly audit   'path-parse': [ '1.0.7' ],
47 silly audit   'path-to-regexp': [ '0.1.7' ],
47 silly audit   'performance-now': [ '2.1.0' ],
47 silly audit   'pg-connection-string': [ '2.5.0' ],
47 silly audit   picocolors: [ '1.0.0' ],
47 silly audit   picomatch: [ '2.3.1' ],
47 silly audit   pirates: [ '4.0.5' ],
47 silly audit   'pkg-dir': [ '4.2.0' ],
47 silly audit   'pptx-automizer': [ '0.1.2' ],
47 silly audit   pptxgenjs: [ '3.12.0' ],
47 silly audit   'pretty-format': [ '29.5.0' ],
47 silly audit   process: [ '0.11.10' ],
47 silly audit   'process-nextick-args': [ '2.0.1' ],
47 silly audit   prompts: [ '2.4.2' ],
47 silly audit   'proxy-addr': [ '2.0.7' ],
47 silly audit   pseudomap: [ '1.0.2' ],
47 silly audit   psl: [ '1.9.0' ],
47 silly audit   punycode: [ '2.3.0' ],
47 silly audit   'pure-rand': [ '6.0.2' ],
47 silly audit   qs: [ '6.11.0', '6.5.3' ],
47 silly audit   queue: [ '6.0.2' ],
47 silly audit   'range-parser': [ '1.2.1' ],
47 silly audit   'raw-body': [ '2.5.1' ],
47 silly audit   'react-is': [ '18.2.0' ],
47 silly audit   'safe-buffer': [ '5.1.2', '5.2.1' ],
47 silly audit   'regenerator-runtime': [ '0.13.11' ],
47 silly audit   'regexp.escape': [ '1.1.0' ],
47 silly audit   'regexp.prototype.flags': [ '1.5.0' ],
47 silly audit   request: [ '2.88.2' ],
47 silly audit   'request-debug': [ '0.2.0' ],
47 silly audit   'require-directory': [ '2.1.1' ],
47 silly audit   resolve: [ '1.22.2' ],
47 silly audit   'resolve-cwd': [ '3.0.0' ],
47 silly audit   'resolve-from': [ '5.0.0' ],
47 silly audit   'resolve.exports': [ '2.0.2' ],
47 silly audit   'retry-as-promised': [ '7.0.4' ],
47 silly audit   rimraf: [ '3.0.2' ],
47 silly audit   'rsa-pem-from-mod-exp': [ '0.8.5' ],
47 silly audit   'safe-regex-test': [ '1.0.0' ],
47 silly audit   'safer-buffer': [ '2.1.2' ],
47 silly audit   send: [ '0.18.0' ],
47 silly audit   'seq-queue': [ '0.0.5' ],
47 silly audit   sequelize: [ '6.31.0' ],
47 silly audit   'sequelize-pool': [ '7.1.0' ],
47 silly audit   'serve-static': [ '1.15.0' ],
47 silly audit   setimmediate: [ '1.0.5' ],
47 silly audit   setprototypeof: [ '1.2.0' ],
47 silly audit   'shebang-command': [ '2.0.0' ],
47 silly audit   'shebang-regex': [ '3.0.0' ],
47 silly audit   'side-channel': [ '1.0.4' ],
47 silly audit   'signal-exit': [ '3.0.7' ],
47 silly audit   sisteransi: [ '1.0.5' ],
47 silly audit   slash: [ '3.0.0' ],
47 silly audit   'socket.io-client': [ '4.6.1' ],
47 silly audit   'socket.io-parser': [ '4.2.2' ],
47 silly audit   'sorted-array-functions': [ '1.3.0' ],
47 silly audit   'source-map': [ '0.6.1' ],
47 silly audit   'source-map-support': [ '0.5.13' ],
47 silly audit   'sprintf-js': [ '1.0.3' ],
47 silly audit   sqlstring: [ '2.3.3' ],
47 silly audit   sshpk: [ '1.17.0' ],
47 silly audit   'stack-utils': [ '2.0.6' ],
47 silly audit   statuses: [ '2.0.1' ],
47 silly audit   streamsearch: [ '1.1.0' ],
47 silly audit   string_decoder: [ '1.1.1' ],
47 silly audit   'string-length': [ '4.0.2' ],
47 silly audit   'string-width': [ '4.2.3' ],
47 silly audit   'string.prototype.trim': [ '1.2.7' ],
47 silly audit   'string.prototype.trimend': [ '1.0.6' ],
47 silly audit   'string.prototype.trimstart': [ '1.0.6' ],
47 silly audit   'stringify-clone': [ '1.1.1' ],
47 silly audit   'strip-ansi': [ '6.0.1' ],
47 silly audit   'strip-bom': [ '4.0.0' ],
47 silly audit   'strip-final-newline': [ '2.0.0' ],
47 silly audit   'strip-json-comments': [ '3.1.1' ],
47 silly audit   'supports-preserve-symlinks-flag': [ '1.0.0' ],
47 silly audit   'test-exclude': [ '6.0.0' ],
47 silly audit   tmp: [ '0.2.1' ],
47 silly audit   tmpl: [ '1.0.5' ],
47 silly audit   'to-fast-properties': [ '2.0.0' ],
47 silly audit   'to-regex-range': [ '5.0.1' ],
47 silly audit   toidentifier: [ '1.0.1' ],
47 silly audit   'toposort-class': [ '1.0.1' ],
47 silly audit   'tough-cookie': [ '2.5.0' ],
47 silly audit   tr46: [ '0.0.3' ],
47 silly audit   tslib: [ '2.5.0' ],
47 silly audit   tunnel: [ '0.0.6' ],
47 silly audit   'tunnel-agent': [ '0.6.0' ],
47 silly audit   tweetnacl: [ '0.14.5' ],
47 silly audit   'type-detect': [ '4.0.8' ],
47 silly audit   'type-fest': [ '0.21.3' ],
47 silly audit   'type-is': [ '1.6.18' ],
47 silly audit   'typed-array-length': [ '1.0.4' ],
47 silly audit   typedarray: [ '0.0.6' ],
47 silly audit   'unbox-primitive': [ '1.0.2' ],
47 silly audit   underscore: [ '1.13.6' ],
47 silly audit   unpipe: [ '1.0.0' ],
47 silly audit   'update-browserslist-db': [ '1.0.11' ],
47 silly audit   'uri-js': [ '4.4.1' ],
47 silly audit   util: [ '0.10.4' ],
47 silly audit   'util-deprecate': [ '1.0.2' ],
47 silly audit   'utils-merge': [ '1.0.1' ],
47 silly audit   'v8-to-istanbul': [ '9.1.0' ],
47 silly audit   validator: [ '13.9.0' ],
47 silly audit   vary: [ '1.1.2' ],
47 silly audit   verror: [ '1.10.0' ],
47 silly audit   walker: [ '1.0.8' ],
47 silly audit   'webidl-conversions': [ '3.0.1' ],
47 silly audit   'whatwg-url': [ '5.0.0' ],
47 silly audit   which: [ '2.0.2' ],
47 silly audit   'which-boxed-primitive': [ '1.0.2' ],
47 silly audit   'which-typed-array': [ '1.1.9' ],
47 silly audit   wkx: [ '0.5.0' ],
47 silly audit   'wrap-ansi': [ '7.0.0' ],
47 silly audit   wrappy: [ '1.0.2' ],
47 silly audit   'write-file-atomic': [ '4.0.2' ],
47 silly audit   ws: [ '8.11.0' ],
47 silly audit   'xml-js': [ '1.6.11' ],
47 silly audit   xmldom: [ '0.6.0' ],
47 silly audit   'xmlhttprequest-ssl': [ '2.0.0' ],
47 silly audit   xpath: [ '0.0.32' ],
47 silly audit   xtend: [ '4.0.2' ],
47 silly audit   y18n: [ '5.0.8' ],
47 silly audit   yargs: [ '17.7.2' ],
47 silly audit   'yargs-parser': [ '21.1.1' ],
47 silly audit   yarn: [ '1.22.19' ],
47 silly audit   'yocto-queue': [ '0.1.0' ]
47 silly audit }
48 verbose reify failed optional dependency /home/dpcsdev/daikin-api-old/node_modules/fsevents
49 silly reify mark deleted [ '/home/dpcsdev/daikin-api-old/node_modules/fsevents' ]
50 timing reifyNode:node_modules/fsevents Completed in 46ms
51 timing reify:unpack Completed in 46ms
52 timing reify:unretire Completed in 0ms
53 timing build:queue Completed in 6ms
54 timing build:deps Completed in 113ms
55 timing build Completed in 114ms
56 timing reify:build Completed in 115ms
57 timing reify:trash Completed in 5ms
58 timing reify:save Completed in 111ms
59 http fetch POST 200 https://registry.npmjs.org/-/npm/v1/security/advisories/bulk 740ms
60 timing auditReport:getReport Completed in 750ms
61 silly audit report {
61 silly audit report   jsonwebtoken: [
61 silly audit report     {
61 silly audit report       id: 1091087,
61 silly audit report       url: 'https://github.com/advisories/GHSA-hjrf-2m68-5959',
61 silly audit report       title: "jsonwebtoken's insecure implementation of key retrieval function could lead to Forgeable Public/Private Tokens from RSA to HMAC",
61 silly audit report       severity: 'moderate',
61 silly audit report       vulnerable_versions: '<=8.5.1',
61 silly audit report       cwe: [Array],
61 silly audit report       cvss: [Object]
61 silly audit report     },
61 silly audit report     {
61 silly audit report       id: 1092549,
61 silly audit report       url: 'https://github.com/advisories/GHSA-qwph-4952-7xr6',
61 silly audit report       title: 'jsonwebtoken vulnerable to signature validation bypass due to insecure default algorithm in jwt.verify()',
61 silly audit report       severity: 'moderate',
61 silly audit report       vulnerable_versions: '<9.0.0',
61 silly audit report       cwe: [Array],
61 silly audit report       cvss: [Object]
61 silly audit report     },
61 silly audit report     {
61 silly audit report       id: 1089434,
61 silly audit report       url: 'https://github.com/advisories/GHSA-8cf7-32gw-wr33',
61 silly audit report       title: 'jsonwebtoken unrestricted key type could lead to legacy keys usage ',
61 silly audit report       severity: 'moderate',
61 silly audit report       vulnerable_versions: '<=8.5.1',
61 silly audit report       cwe: [Array],
61 silly audit report       cvss: [Object]
61 silly audit report     }
61 silly audit report   ],
61 silly audit report   semver: [
61 silly audit report     {
61 silly audit report       id: 1093262,
61 silly audit report       url: 'https://github.com/advisories/GHSA-c2qf-rxjj-qqgw',
61 silly audit report       title: 'semver vulnerable to Regular Expression Denial of Service',
61 silly audit report       severity: 'moderate',
61 silly audit report       vulnerable_versions: '<5.7.2',
61 silly audit report       cwe: [Array],
61 silly audit report       cvss: [Object]
61 silly audit report     },
61 silly audit report     {
61 silly audit report       id: 1093263,
61 silly audit report       url: 'https://github.com/advisories/GHSA-c2qf-rxjj-qqgw',
61 silly audit report       title: 'semver vulnerable to Regular Expression Denial of Service',
61 silly audit report       severity: 'moderate',
61 silly audit report       vulnerable_versions: '>=6.0.0 <6.3.1',
61 silly audit report       cwe: [Array],
61 silly audit report       cvss: [Object]
61 silly audit report     },
61 silly audit report     {
61 silly audit report       id: 1093264,
61 silly audit report       url: 'https://github.com/advisories/GHSA-c2qf-rxjj-qqgw',
61 silly audit report       title: 'semver vulnerable to Regular Expression Denial of Service',
61 silly audit report       severity: 'moderate',
61 silly audit report       vulnerable_versions: '>=7.0.0 <7.5.2',
61 silly audit report       cwe: [Array],
61 silly audit report       cvss: [Object]
61 silly audit report     }
61 silly audit report   ],
61 silly audit report   xml2js: [
61 silly audit report     {
61 silly audit report       id: 1092301,
61 silly audit report       url: 'https://github.com/advisories/GHSA-776f-qx25-q3cc',
61 silly audit report       title: 'xml2js is vulnerable to prototype pollution',
61 silly audit report       severity: 'moderate',
61 silly audit report       vulnerable_versions: '<0.5.0',
61 silly audit report       cwe: [Array],
61 silly audit report       cvss: [Object]
61 silly audit report     }
61 silly audit report   ],
61 silly audit report   dottie: [
61 silly audit report     {
61 silly audit report       id: 1092262,
61 silly audit report       url: 'https://github.com/advisories/GHSA-4gxf-g5gf-22h4',
61 silly audit report       title: 'dottie vulnerable to Prototype Pollution',
61 silly audit report       severity: 'high',
61 silly audit report       vulnerable_versions: '<2.0.4',
61 silly audit report       cwe: [Array],
61 silly audit report       cvss: [Object]
61 silly audit report     }
61 silly audit report   ],
61 silly audit report   request: [
61 silly audit report     {
61 silly audit report       id: 1092972,
61 silly audit report       url: 'https://github.com/advisories/GHSA-p8p7-x288-28g6',
61 silly audit report       title: 'Server-Side Request Forgery in Request',
61 silly audit report       severity: 'moderate',
61 silly audit report       vulnerable_versions: '<=2.88.2',
61 silly audit report       cwe: [Array],
61 silly audit report       cvss: [Object]
61 silly audit report     }
61 silly audit report   ],
61 silly audit report   'socket.io-parser': [
61 silly audit report     {
61 silly audit report       id: 1092174,
61 silly audit report       url: 'https://github.com/advisories/GHSA-cqmj-92xf-r6r9',
61 silly audit report       title: 'Insufficient validation when decoding a Socket.IO packet',
61 silly audit report       severity: 'high',
61 silly audit report       vulnerable_versions: '>=4.0.4 <4.2.3',
61 silly audit report       cwe: [Array],
61 silly audit report       cvss: [Object]
61 silly audit report     }
61 silly audit report   ],
61 silly audit report   'tough-cookie': [
61 silly audit report     {
61 silly audit report       id: 1092470,
61 silly audit report       url: 'https://github.com/advisories/GHSA-72xf-g2v4-qvf3',
61 silly audit report       title: 'tough-cookie Prototype Pollution vulnerability',
61 silly audit report       severity: 'moderate',
61 silly audit report       vulnerable_versions: '<4.1.3',
61 silly audit report       cwe: [Array],
61 silly audit report       cvss: [Object]
61 silly audit report     }
61 silly audit report   ],
61 silly audit report   xmldom: [
61 silly audit report     {
61 silly audit report       id: 1089556,
61 silly audit report       url: 'https://github.com/advisories/GHSA-5fg8-2547-mr8q',
61 silly audit report       title: 'Misinterpretation of malicious XML input',
61 silly audit report       severity: 'moderate',
61 silly audit report       vulnerable_versions: '<0.7.0',
61 silly audit report       cwe: [Array],
61 silly audit report       cvss: [Object]
61 silly audit report     },
61 silly audit report     {
61 silly audit report       id: 1091573,
61 silly audit report       url: 'https://github.com/advisories/GHSA-crh6-fp67-6883',
61 silly audit report       title: 'xmldom allows multiple root nodes in a DOM',
61 silly audit report       severity: 'critical',
61 silly audit report       vulnerable_versions: '<=0.6.0',
61 silly audit report       cwe: [Array],
61 silly audit report       cvss: [Object]
61 silly audit report     }
61 silly audit report   ]
61 silly audit report }
62 timing metavuln:cache:get:security-advisory:jsonwebtoken:Kn51MmsngUxBuIgNxgGfu3qtS4Ii7Ie7jRlegMh4bToy9DcU2PrOzltuegyS6N0s0ZaAxg3Vnc0BuWV4Cd6zmw== Completed in 17ms
63 timing metavuln:cache:get:security-advisory:jsonwebtoken:TC4dhaPggOUswnYry3sk8eoA9hQ4q4qW/VIRpe/gvM5IwHluwTjRUPixB4O4OTFTRm1jpSInStg7KXci6a958Q== Completed in 16ms
64 timing metavuln:cache:get:security-advisory:jsonwebtoken:FfLTOpI0aB2F4QxD/y9B5+/QWKv2pNnCR+747v9O8iM6BrNFXZ+8dztNSJoXuUyU2b9AvJog7eha5SXmaQP3cw== Completed in 16ms
65 timing metavuln:cache:get:security-advisory:semver:PlZgIkF6e3/0yLjqYqSrH86eUBw0BU9Wzsy4iARPg9G3iRIQ2GNxvejcQXeGaJot7HHphkgcPgSjq2bILFos4A== Completed in 16ms
66 timing metavuln:cache:get:security-advisory:semver:ylVPedjv/X8TpgairrCUKxYrttyJ3d9KZq9OUWSImrjp5hbdN12y00p2CHArh2hdr4BFmY4wjnBtJ5hGE9Q1vQ== Completed in 16ms
67 timing metavuln:cache:get:security-advisory:semver:QOiLWUW91ttGunirVTBb4H1yCzzSgBan1koq6ouAtmrfkHTHTd8VFTM5X4rBVXabv7Sr0sKo4HJXtfFbV76tPA== Completed in 16ms
68 timing metavuln:cache:get:security-advisory:xml2js:ixGKvLytxENoELPtQ7Jfj+DUT454F6CaTU/ERD5wiTnwMVFoo9YFtr10osyPOYff4xsxGKOlqM3/qGPOZhALTQ== Completed in 16ms
69 timing metavuln:cache:get:security-advisory:dottie:8sjOpiO7qJw9abixggVmbPv+9J0kDxEdkDuhm7n9lLy5wdln/u9wsYUE2juYRKYi436xprXYkNKBuxpXRtnqhQ== Completed in 16ms
70 timing metavuln:cache:get:security-advisory:request:koWeGxnAvq4FABswDKpuz/5A9Fh4CEpyLScKR4Vcx8PqZAOQWapHQFcG4Z93jnNvMUUR00ZbC/YEgKSGkn+lcw== Completed in 16ms
71 timing metavuln:cache:get:security-advisory:socket.io-parser:ATbCUJtqfFbW1d1d62cNLX5Falv/B+axuqldw1ga7JMsuproUC5bJF3GGlUMVCCpVnqtIon3G9Zf9m4gRaS+fw== Completed in 16ms
72 timing metavuln:cache:get:security-advisory:tough-cookie:VNuwVxANcCKf9fmuD0Vt2V7tyUFg0MOcTBXo66LvguhCeFU0pqdKjCffmtFFsDUZMFdCTHimURRZB0jVSz1wRg== Completed in 16ms
73 timing metavuln:cache:get:security-advisory:xmldom:fNORWE/Jm66BEXGJPVsLmGtXBjiWvYOS2EctkNUXmhb8XJ6rbBexDdSR+/t+dZAvSvjCIMDvJdwiLZPfNB3JYQ== Completed in 15ms
74 timing metavuln:cache:get:security-advisory:xmldom:CK1eo2hGYARDtX5IdZCThVBrBJhdNkmAIg7wRVNmF8Sy26vH4MDZgwSWQ/MOsV6n7uz5B9mS5HDZP6Qh2ayrTQ== Completed in 15ms
75 http fetch GET 200 https://registry.npmjs.org/jsonwebtoken 41ms (cache hit)
76 timing metavuln:packument:jsonwebtoken Completed in 42ms
77 timing metavuln:load:security-advisory:jsonwebtoken:1091087 Completed in 1ms
78 timing metavuln:calculate:security-advisory:jsonwebtoken:1091087 Completed in 45ms
79 timing metavuln:load:security-advisory:jsonwebtoken:1092549 Completed in 0ms
80 timing metavuln:calculate:security-advisory:jsonwebtoken:1092549 Completed in 43ms
81 timing metavuln:load:security-advisory:jsonwebtoken:1089434 Completed in 1ms
82 timing metavuln:calculate:security-advisory:jsonwebtoken:1089434 Completed in 44ms
83 http fetch GET 200 https://registry.npmjs.org/dottie 43ms (cache hit)
84 timing metavuln:packument:dottie Completed in 43ms
85 timing metavuln:load:security-advisory:dottie:1092262 Completed in 1ms
86 timing metavuln:calculate:security-advisory:dottie:1092262 Completed in 44ms
87 http fetch GET 200 https://registry.npmjs.org/xml2js 44ms (cache hit)
88 timing metavuln:packument:xml2js Completed in 44ms
89 timing metavuln:load:security-advisory:xml2js:1092301 Completed in 1ms
90 timing metavuln:calculate:security-advisory:xml2js:1092301 Completed in 45ms
91 http fetch GET 200 https://registry.npmjs.org/semver 46ms (cache hit)
92 timing metavuln:packument:semver Completed in 47ms
93 timing metavuln:load:security-advisory:semver:1093262 Completed in 1ms
94 timing metavuln:calculate:security-advisory:semver:1093262 Completed in 48ms
95 timing metavuln:load:security-advisory:semver:1093263 Completed in 0ms
96 timing metavuln:calculate:security-advisory:semver:1093263 Completed in 48ms
97 timing metavuln:load:security-advisory:semver:1093264 Completed in 1ms
98 timing metavuln:calculate:security-advisory:semver:1093264 Completed in 48ms
99 http fetch GET 200 https://registry.npmjs.org/tough-cookie 46ms (cache hit)
100 timing metavuln:packument:tough-cookie Completed in 48ms
101 timing metavuln:load:security-advisory:tough-cookie:1092470 Completed in 0ms
102 timing metavuln:calculate:security-advisory:tough-cookie:1092470 Completed in 48ms
103 http fetch GET 200 https://registry.npmjs.org/xmldom 47ms (cache hit)
104 timing metavuln:packument:xmldom Completed in 48ms
105 timing metavuln:load:security-advisory:xmldom:1089556 Completed in 0ms
106 timing metavuln:calculate:security-advisory:xmldom:1089556 Completed in 48ms
107 timing metavuln:load:security-advisory:xmldom:1091573 Completed in 1ms
108 timing metavuln:calculate:security-advisory:xmldom:1091573 Completed in 49ms
109 http fetch GET 200 https://registry.npmjs.org/socket.io-parser 50ms (cache hit)
110 timing metavuln:packument:socket.io-parser Completed in 51ms
111 timing metavuln:load:security-advisory:socket.io-parser:1092174 Completed in 0ms
112 timing metavuln:calculate:security-advisory:socket.io-parser:1092174 Completed in 51ms
113 http fetch GET 200 https://registry.npmjs.org/request 51ms (cache hit)
114 timing metavuln:packument:request Completed in 53ms
115 timing metavuln:load:security-advisory:request:1092972 Completed in 1ms
116 timing metavuln:calculate:security-advisory:request:1092972 Completed in 55ms
117 timing metavuln:cache:get:security-advisory:azure-ad-jwt:ypDKE2iw11KpY8D7KcYEpohjA2XPSxpJEjf4AFM/IC44/bjQZ2c0NwK99SZRbvqrGFCg78Ek+nQPxQVjhVQMXA== Completed in 3ms
118 timing metavuln:cache:get:security-advisory:azure-ad-verify-token:50QMudtoQJgq1szyf1JrWOpBgeNwmIH+jmM3VA5V+Szfedkq9r4LEUygfsQ0vCIs871zJa5nC10inZR0KN5b+g== Completed in 3ms
119 http fetch GET 200 https://registry.npmjs.org/azure-ad-jwt 10ms (cache hit)
120 timing metavuln:packument:azure-ad-jwt Completed in 10ms
121 timing metavuln:load:security-advisory:azure-ad-jwt:Kn51MmsngUxBuIgNxgGfu3qtS4Ii7Ie7jRlegMh4bToy9DcU2PrOzltuegyS6N0s0ZaAxg3Vnc0BuWV4Cd6zmw== Completed in 0ms
122 timing metavuln:calculate:security-advisory:azure-ad-jwt:Kn51MmsngUxBuIgNxgGfu3qtS4Ii7Ie7jRlegMh4bToy9DcU2PrOzltuegyS6N0s0ZaAxg3Vnc0BuWV4Cd6zmw== Completed in 11ms
123 http fetch GET 200 https://registry.npmjs.org/azure-ad-verify-token 10ms (cache hit)
124 timing metavuln:packument:azure-ad-verify-token Completed in 11ms
125 timing metavuln:load:security-advisory:azure-ad-verify-token:Kn51MmsngUxBuIgNxgGfu3qtS4Ii7Ie7jRlegMh4bToy9DcU2PrOzltuegyS6N0s0ZaAxg3Vnc0BuWV4Cd6zmw== Completed in 0ms
126 timing metavuln:calculate:security-advisory:azure-ad-verify-token:Kn51MmsngUxBuIgNxgGfu3qtS4Ii7Ie7jRlegMh4bToy9DcU2PrOzltuegyS6N0s0ZaAxg3Vnc0BuWV4Cd6zmw== Completed in 11ms
127 timing metavuln:cache:get:security-advisory:jsonwebtoken:fLFoz+yZAS3vm0jy8wcGuzSODCE4x9gGEB3efPelz5E4QI31W0+5V6xd4T9MjODtzRa8jH0A2LYTmJVu50LaWg== Completed in 1ms
128 timing metavuln:load:security-advisory:jsonwebtoken:PlZgIkF6e3/0yLjqYqSrH86eUBw0BU9Wzsy4iARPg9G3iRIQ2GNxvejcQXeGaJot7HHphkgcPgSjq2bILFos4A== Completed in 0ms
129 timing metavuln:calculate:security-advisory:jsonwebtoken:PlZgIkF6e3/0yLjqYqSrH86eUBw0BU9Wzsy4iARPg9G3iRIQ2GNxvejcQXeGaJot7HHphkgcPgSjq2bILFos4A== Completed in 1ms
130 timing metavuln:cache:get:security-advisory:@babel/core:3EHRL9uMOWZoA4F3Tzov74BJNHR3K1cBYSC5LCnIYNFD8sCjRQu8frb58YKvOKDAzmXWTUd9uO5T9KCMlkFPAA== Completed in 7ms
131 timing metavuln:cache:get:security-advisory:@babel/helper-compilation-targets:81S986qNvs0Hzwbosvlh4SFIYjpJbezkeaYxQ0G2xmS9wO6WncZgqyCG9Jg2uKr/qvSj3tqWub//bVNYjxechw== Completed in 6ms
132 timing metavuln:cache:get:security-advisory:istanbul-lib-instrument:Zuo4cgX2ME8DiijMDlofBHd3UQtGdZGgcqVPNoQXASeGsaxKhHxktkPyUgUQjJgzIv3hjtWH+Ups2cdfEpKz0w== Completed in 6ms
133 timing metavuln:cache:get:security-advisory:make-dir:0LfYkKFJwV5hNgM07X2/+8WT1T2LrmnH5c0UcSnXm7cB/8z6imJuo7lEYQW5/GqzbvC1ob3RZskF54ZuFXkRgQ== Completed in 7ms
134 http fetch GET 200 https://registry.npmjs.org/@babel%2fhelper-compilation-targets 19ms (cache hit)
135 timing metavuln:packument:@babel/helper-compilation-targets Completed in 20ms
136 timing metavuln:load:security-advisory:@babel/helper-compilation-targets:ylVPedjv/X8TpgairrCUKxYrttyJ3d9KZq9OUWSImrjp5hbdN12y00p2CHArh2hdr4BFmY4wjnBtJ5hGE9Q1vQ== Completed in 0ms
137 timing metavuln:calculate:security-advisory:@babel/helper-compilation-targets:ylVPedjv/X8TpgairrCUKxYrttyJ3d9KZq9OUWSImrjp5hbdN12y00p2CHArh2hdr4BFmY4wjnBtJ5hGE9Q1vQ== Completed in 20ms
138 http fetch GET 200 https://registry.npmjs.org/istanbul-lib-instrument 21ms (cache hit)
139 timing metavuln:packument:istanbul-lib-instrument Completed in 22ms
140 timing metavuln:load:security-advisory:istanbul-lib-instrument:ylVPedjv/X8TpgairrCUKxYrttyJ3d9KZq9OUWSImrjp5hbdN12y00p2CHArh2hdr4BFmY4wjnBtJ5hGE9Q1vQ== Completed in 0ms
141 timing metavuln:calculate:security-advisory:istanbul-lib-instrument:ylVPedjv/X8TpgairrCUKxYrttyJ3d9KZq9OUWSImrjp5hbdN12y00p2CHArh2hdr4BFmY4wjnBtJ5hGE9Q1vQ== Completed in 22ms
142 http fetch GET 200 https://registry.npmjs.org/@babel%2fcore 24ms (cache hit)
143 timing metavuln:packument:@babel/core Completed in 26ms
144 timing metavuln:load:security-advisory:@babel/core:ylVPedjv/X8TpgairrCUKxYrttyJ3d9KZq9OUWSImrjp5hbdN12y00p2CHArh2hdr4BFmY4wjnBtJ5hGE9Q1vQ== Completed in 0ms
145 timing metavuln:calculate:security-advisory:@babel/core:ylVPedjv/X8TpgairrCUKxYrttyJ3d9KZq9OUWSImrjp5hbdN12y00p2CHArh2hdr4BFmY4wjnBtJ5hGE9Q1vQ== Completed in 27ms
146 http fetch GET 200 https://registry.npmjs.org/make-dir 26ms (cache hit)
147 timing metavuln:packument:make-dir Completed in 27ms
148 timing metavuln:load:security-advisory:make-dir:ylVPedjv/X8TpgairrCUKxYrttyJ3d9KZq9OUWSImrjp5hbdN12y00p2CHArh2hdr4BFmY4wjnBtJ5hGE9Q1vQ== Completed in 0ms
149 timing metavuln:calculate:security-advisory:make-dir:ylVPedjv/X8TpgairrCUKxYrttyJ3d9KZq9OUWSImrjp5hbdN12y00p2CHArh2hdr4BFmY4wjnBtJ5hGE9Q1vQ== Completed in 27ms
150 timing metavuln:cache:get:security-advisory:jsonwebtoken:ec8g6wbJkp3J9avKBC9wGGDudBZdydRc+XQJfPw2p6DS0wZfEAVsGx4jgkf5/pCu5u0CN4B6PHdFItiKgeuqFQ== Completed in 4ms
151 timing metavuln:load:security-advisory:jsonwebtoken:QOiLWUW91ttGunirVTBb4H1yCzzSgBan1koq6ouAtmrfkHTHTd8VFTM5X4rBVXabv7Sr0sKo4HJXtfFbV76tPA== Completed in 0ms
152 timing metavuln:calculate:security-advisory:jsonwebtoken:QOiLWUW91ttGunirVTBb4H1yCzzSgBan1koq6ouAtmrfkHTHTd8VFTM5X4rBVXabv7Sr0sKo4HJXtfFbV76tPA== Completed in 4ms
153 timing metavuln:cache:get:security-advisory:jest-snapshot:91gk6SjfCPM58i25Bu6xdgq3uMrhnmm8X3dP2681LF8fylCGs3AXiIJ4ap0gVl/QEXvhe2mWN4hS8S6BNVrXLg== Completed in 5ms
154 timing metavuln:cache:get:security-advisory:sequelize:YIVFxi03t2sKY0IUIQcqyh+/lJx24ecNlcCts7tTuCIyakOSccbW7TEKpR3y9E0Qet26WwkrozgUQvI+3ENVsQ== Completed in 4ms
155 http fetch GET 200 https://registry.npmjs.org/jest-snapshot 10ms (cache hit)
156 timing metavuln:packument:jest-snapshot Completed in 14ms
157 timing metavuln:load:security-advisory:jest-snapshot:QOiLWUW91ttGunirVTBb4H1yCzzSgBan1koq6ouAtmrfkHTHTd8VFTM5X4rBVXabv7Sr0sKo4HJXtfFbV76tPA== Completed in 2ms
158 timing metavuln:calculate:security-advisory:jest-snapshot:QOiLWUW91ttGunirVTBb4H1yCzzSgBan1koq6ouAtmrfkHTHTd8VFTM5X4rBVXabv7Sr0sKo4HJXtfFbV76tPA== Completed in 16ms
159 http fetch GET 200 https://registry.npmjs.org/sequelize 18ms (cache hit)
160 timing metavuln:packument:sequelize Completed in 29ms
161 timing metavuln:load:security-advisory:sequelize:QOiLWUW91ttGunirVTBb4H1yCzzSgBan1koq6ouAtmrfkHTHTd8VFTM5X4rBVXabv7Sr0sKo4HJXtfFbV76tPA== Completed in 3ms
162 timing metavuln:calculate:security-advisory:sequelize:QOiLWUW91ttGunirVTBb4H1yCzzSgBan1koq6ouAtmrfkHTHTd8VFTM5X4rBVXabv7Sr0sKo4HJXtfFbV76tPA== Completed in 32ms
163 timing metavuln:cache:get:security-advisory:azure-storage:4a534OdiwULTvHRA/bOcLiKJ/Rpcqe2Q79+1Z+SaTlOXoQrV9vtpJeTEqt5ZS2ot0Vuhp9Rwzc5PaSAXnRkklg== Completed in 2ms
164 timing metavuln:cache:get:security-advisory:nodejs-pptx:0sFQ46E4paTFaOsQGaTNwwTEDbCEGb/KIg8duWZmdCdaTkJVThk28f+o0e0MF1EMc184qIvytnzbRU25FW7eNA== Completed in 2ms
165 http fetch GET 200 https://registry.npmjs.org/azure-storage 11ms (cache hit)
166 timing metavuln:packument:azure-storage Completed in 12ms
167 timing metavuln:load:security-advisory:azure-storage:ixGKvLytxENoELPtQ7Jfj+DUT454F6CaTU/ERD5wiTnwMVFoo9YFtr10osyPOYff4xsxGKOlqM3/qGPOZhALTQ== Completed in 0ms
168 timing metavuln:calculate:security-advisory:azure-storage:ixGKvLytxENoELPtQ7Jfj+DUT454F6CaTU/ERD5wiTnwMVFoo9YFtr10osyPOYff4xsxGKOlqM3/qGPOZhALTQ== Completed in 12ms
169 http fetch GET 200 https://registry.npmjs.org/nodejs-pptx 13ms (cache hit)
170 timing metavuln:packument:nodejs-pptx Completed in 13ms
171 timing metavuln:load:security-advisory:nodejs-pptx:ixGKvLytxENoELPtQ7Jfj+DUT454F6CaTU/ERD5wiTnwMVFoo9YFtr10osyPOYff4xsxGKOlqM3/qGPOZhALTQ== Completed in 0ms
172 timing metavuln:calculate:security-advisory:nodejs-pptx:ixGKvLytxENoELPtQ7Jfj+DUT454F6CaTU/ERD5wiTnwMVFoo9YFtr10osyPOYff4xsxGKOlqM3/qGPOZhALTQ== Completed in 13ms
173 timing metavuln:cache:get:security-advisory:sequelize:pljGSfEyD8Xh0UV/XziPCafvKhZd4yeWIXRhN/WJoDNDaKN7glWtlhF7Ujp/qNhrILhD/R45pnVKPa26wFyodw== Completed in 2ms
174 timing metavuln:load:security-advisory:sequelize:8sjOpiO7qJw9abixggVmbPv+9J0kDxEdkDuhm7n9lLy5wdln/u9wsYUE2juYRKYi436xprXYkNKBuxpXRtnqhQ== Completed in 3ms
175 timing metavuln:calculate:security-advisory:sequelize:8sjOpiO7qJw9abixggVmbPv+9J0kDxEdkDuhm7n9lLy5wdln/u9wsYUE2juYRKYi436xprXYkNKBuxpXRtnqhQ== Completed in 5ms
176 timing metavuln:cache:get:security-advisory:asposeslidescloud:0BjyOlLSiAmK2tMGG/KyvF5hkbbkAtJko003/PNmRFxOw0g7iRinAg+zxHsKOIJqAwmdduGpxJFWyeccoWWa3g== Completed in 3ms
177 timing metavuln:cache:get:security-advisory:azure-ad-jwt:ylmlgZ9CBQ0X4bX8tRrwnCWWLM7+SX57yj8BQOXA4SWq6WFVahgNxTeYKOirfHquuHC51sWI/X4xHKlqOoocNw== Completed in 2ms
178 timing metavuln:load:security-advisory:azure-ad-jwt:koWeGxnAvq4FABswDKpuz/5A9Fh4CEpyLScKR4Vcx8PqZAOQWapHQFcG4Z93jnNvMUUR00ZbC/YEgKSGkn+lcw== Completed in 0ms
179 timing metavuln:calculate:security-advisory:azure-ad-jwt:koWeGxnAvq4FABswDKpuz/5A9Fh4CEpyLScKR4Vcx8PqZAOQWapHQFcG4Z93jnNvMUUR00ZbC/YEgKSGkn+lcw== Completed in 2ms
180 timing metavuln:cache:get:security-advisory:azure-storage:Nu9GshAoMOaB9kqbnMUOeQX8LlNdF6tDGbSntyGRg/BkqvSF+SJYcSI6iE4v5xYoQeREAJz6ffBW5WzLh9lX5Q== Completed in 2ms
181 timing metavuln:load:security-advisory:azure-storage:koWeGxnAvq4FABswDKpuz/5A9Fh4CEpyLScKR4Vcx8PqZAOQWapHQFcG4Z93jnNvMUUR00ZbC/YEgKSGkn+lcw== Completed in 0ms
182 timing metavuln:calculate:security-advisory:azure-storage:koWeGxnAvq4FABswDKpuz/5A9Fh4CEpyLScKR4Vcx8PqZAOQWapHQFcG4Z93jnNvMUUR00ZbC/YEgKSGkn+lcw== Completed in 2ms
183 timing metavuln:cache:get:security-advisory:nodejs-pptx:RZqjT6e41vrJ1/tZfocooK/GVIj6wC2SeEhlemz/Dj5goEdzX0odDD3zRp38LNNq0qgdwdmWr8WF9FkBOFKy8g== Completed in 3ms
184 timing metavuln:load:security-advisory:nodejs-pptx:koWeGxnAvq4FABswDKpuz/5A9Fh4CEpyLScKR4Vcx8PqZAOQWapHQFcG4Z93jnNvMUUR00ZbC/YEgKSGkn+lcw== Completed in 0ms
185 timing metavuln:calculate:security-advisory:nodejs-pptx:koWeGxnAvq4FABswDKpuz/5A9Fh4CEpyLScKR4Vcx8PqZAOQWapHQFcG4Z93jnNvMUUR00ZbC/YEgKSGkn+lcw== Completed in 3ms
186 http fetch GET 200 https://registry.npmjs.org/asposeslidescloud 6ms (cache hit)
187 timing metavuln:packument:asposeslidescloud Completed in 6ms
188 timing metavuln:load:security-advisory:asposeslidescloud:koWeGxnAvq4FABswDKpuz/5A9Fh4CEpyLScKR4Vcx8PqZAOQWapHQFcG4Z93jnNvMUUR00ZbC/YEgKSGkn+lcw== Completed in 1ms
189 timing metavuln:calculate:security-advisory:asposeslidescloud:koWeGxnAvq4FABswDKpuz/5A9Fh4CEpyLScKR4Vcx8PqZAOQWapHQFcG4Z93jnNvMUUR00ZbC/YEgKSGkn+lcw== Completed in 8ms
190 timing metavuln:cache:get:security-advisory:socket.io-client:PTrLiyt6htl8eYVCmRcH3TT+4e+hkQU67UdUJbrWQ6Xn6xup29XXLFFA8x5aQLh83xG5SrKuAANNQKhjIvDqVw== Completed in 6ms
191 http fetch GET 200 https://registry.npmjs.org/socket.io-client 10ms (cache hit)
192 timing metavuln:packument:socket.io-client Completed in 12ms
193 timing metavuln:load:security-advisory:socket.io-client:ATbCUJtqfFbW1d1d62cNLX5Falv/B+axuqldw1ga7JMsuproUC5bJF3GGlUMVCCpVnqtIon3G9Zf9m4gRaS+fw== Completed in 0ms
194 timing metavuln:calculate:security-advisory:socket.io-client:ATbCUJtqfFbW1d1d62cNLX5Falv/B+axuqldw1ga7JMsuproUC5bJF3GGlUMVCCpVnqtIon3G9Zf9m4gRaS+fw== Completed in 12ms
195 timing metavuln:cache:get:security-advisory:request:ha9I6cGuLN/1vrRjDs9jKCHGoyshzsZrn3liVXlwfWRxB2E/mWSVQsFkapkL7FqkKtl0mJVld9k3Junaf5/m0g== Completed in 0ms
196 timing metavuln:load:security-advisory:request:VNuwVxANcCKf9fmuD0Vt2V7tyUFg0MOcTBXo66LvguhCeFU0pqdKjCffmtFFsDUZMFdCTHimURRZB0jVSz1wRg== Completed in 0ms
197 timing metavuln:calculate:security-advisory:request:VNuwVxANcCKf9fmuD0Vt2V7tyUFg0MOcTBXo66LvguhCeFU0pqdKjCffmtFFsDUZMFdCTHimURRZB0jVSz1wRg== Completed in 1ms
198 timing metavuln:cache:get:security-advisory:multer-azure-blob-storage:c+1bzXgdX+dFjxL9V/9QFMMUgTy+spqSt3K8yX7LcByExdkgEONWpKm9X2UP0zaRZNvmukTqsXNl/Odn/65EpA== Completed in 1ms
199 http fetch GET 200 https://registry.npmjs.org/multer-azure-blob-storage 5ms (cache hit)
200 timing metavuln:packument:multer-azure-blob-storage Completed in 6ms
201 timing metavuln:load:security-advisory:multer-azure-blob-storage:4a534OdiwULTvHRA/bOcLiKJ/Rpcqe2Q79+1Z+SaTlOXoQrV9vtpJeTEqt5ZS2ot0Vuhp9Rwzc5PaSAXnRkklg== Completed in 0ms
202 timing metavuln:calculate:security-advisory:multer-azure-blob-storage:4a534OdiwULTvHRA/bOcLiKJ/Rpcqe2Q79+1Z+SaTlOXoQrV9vtpJeTEqt5ZS2ot0Vuhp9Rwzc5PaSAXnRkklg== Completed in 6ms
203 timing auditReport:init Completed in 188ms
204 timing reify:audit Completed in 940ms
205 timing reify Completed in 1862ms
206 silly ADD
207 timing command:i Completed in 1882ms
208 verbose exit 0
209 timing npm Completed in 2007ms
210 info ok
