2024-09-30 06:24:56 - Starting script execution.
2024-09-30 06:24:56 - No running containers found.
2024-09-30 06:25:05 - Starting script execution.
2024-09-30 06:25:05 - Checking container 8c8b36757b46.
2024-09-30 06:25:05 - Log file for container 8c8b36757b46 not found.
2024-09-30 06:25:05 - Checking container 9158cd22f0f1.
2024-09-30 06:25:05 - Log file for container 9158cd22f0f1 not found.
2024-09-30 06:25:05 - Checking container 16d3033cd8b0.
2024-09-30 06:25:05 - Log file for container 16d3033cd8b0 not found.
2024-09-30 06:25:05 - Checking container 0de8253423c2.
2024-09-30 06:25:05 - Log file for container 0de8253423c2 not found.
2024-09-30 06:25:05 - Checking container 29a23528b7a0.
2024-09-30 06:25:05 - Log file for container 29a23528b7a0 not found.
2024-09-30 06:25:05 - All container logs are up to date. No need to restart Docker.
2024-09-30 06:25:05 - Script execution finished.
2024-09-30 06:43:07 - Starting script execution.
2024-09-30 06:43:07 - Checking container 8c8b36757b46.
2024-09-30 06:43:07 - Log file for container 8c8b36757b46 not found.
2024-09-30 06:43:07 - Checking container 9158cd22f0f1.
2024-09-30 06:43:07 - Log file for container 9158cd22f0f1 not found.
2024-09-30 06:43:07 - Checking container 16d3033cd8b0.
2024-09-30 06:43:07 - Log file for container 16d3033cd8b0 not found.
2024-09-30 06:43:07 - Checking container 0de8253423c2.
2024-09-30 06:43:07 - Log file for container 0de8253423c2 not found.
2024-09-30 06:43:07 - Checking container 29a23528b7a0.
2024-09-30 06:43:07 - Log file for container 29a23528b7a0 not found.
2024-09-30 06:43:07 - All container logs are up to date. No need to restart Docker.
2024-09-30 06:43:07 - Script execution finished.
2024-09-30 06:44:48 - Starting script execution.
2024-09-30 06:44:48 - Checking container 8c8b36757b46.
2024-09-30 06:44:48 - Log file for container 8c8b36757b46 not found.
2024-09-30 06:44:48 - Checking container 9158cd22f0f1.
2024-09-30 06:44:48 - Log file for container 9158cd22f0f1 not found.
2024-09-30 06:44:48 - Checking container 16d3033cd8b0.
2024-09-30 06:44:48 - Log file for container 16d3033cd8b0 not found.
2024-09-30 06:44:48 - Checking container 0de8253423c2.
2024-09-30 06:44:48 - Log file for container 0de8253423c2 not found.
2024-09-30 06:44:48 - Checking container 29a23528b7a0.
2024-09-30 06:44:48 - Log file for container 29a23528b7a0 not found.
2024-09-30 06:44:48 - All container logs are up to date. No need to restart Docker.
2024-09-30 06:44:48 - Script execution finished.
2024-09-30 06:47:03 - Starting script execution.
2024-09-30 06:47:03 - Checking container 8c8b36757b46.
2024-09-30 06:47:03 - Log file for container 8c8b36757b46 not found.
2024-09-30 06:47:03 - Checking container 9158cd22f0f1.
2024-09-30 06:47:03 - Log file for container 9158cd22f0f1 not found.
2024-09-30 06:47:03 - Checking container 16d3033cd8b0.
2024-09-30 06:47:03 - Log file for container 16d3033cd8b0 not found.
2024-09-30 06:47:03 - Checking container 0de8253423c2.
2024-09-30 06:47:03 - Log file for container 0de8253423c2 not found.
2024-09-30 06:47:03 - Checking container 29a23528b7a0.
2024-09-30 06:47:03 - Log file for container 29a23528b7a0 not found.
2024-09-30 06:47:03 - All container logs are up to date. No need to restart Docker.
2024-09-30 06:47:03 - Script execution finished.
2024-09-30 06:52:43 - Starting script execution.
2024-09-30 06:52:43 - Checking container 8c8b36757b46.
2024-09-30 06:52:43 - Log file for container 8c8b36757b46 not found.
2024-09-30 06:52:43 - Checking container 9158cd22f0f1.
2024-09-30 06:52:43 - Log file for container 9158cd22f0f1 not found.
2024-09-30 06:52:43 - Checking container 16d3033cd8b0.
2024-09-30 06:52:43 - Log file for container 16d3033cd8b0 not found.
2024-09-30 06:52:43 - Checking container 0de8253423c2.
2024-09-30 06:52:43 - Log file for container 0de8253423c2 not found.
2024-09-30 06:52:43 - Checking container 29a23528b7a0.
2024-09-30 06:52:43 - Log file for container 29a23528b7a0 not found.
2024-09-30 06:52:43 - All container logs are up to date. No need to restart Docker.
2024-09-30 06:52:43 - Script execution finished.
2024-09-30 06:53:44 - Starting script execution.
2024-09-30 06:53:44 - Checking container 8c8b36757b46.
2024-09-30 06:53:44 - Log file for container 8c8b36757b46 not found.
2024-09-30 06:53:44 - Checking container 9158cd22f0f1.
2024-09-30 06:53:44 - Log file for container 9158cd22f0f1 not found.
2024-09-30 06:53:44 - Checking container 16d3033cd8b0.
2024-09-30 06:53:44 - Log file for container 16d3033cd8b0 not found.
2024-09-30 06:53:44 - Checking container 0de8253423c2.
2024-09-30 06:53:44 - Log file for container 0de8253423c2 not found.
2024-09-30 06:53:44 - Checking container 29a23528b7a0.
2024-09-30 06:53:44 - Log file for container 29a23528b7a0 not found.
2024-09-30 06:53:44 - All container logs are up to date. No need to restart Docker.
2024-09-30 06:53:44 - Script execution finished.
2024-09-30 06:54:37 - Starting script execution.
2024-09-30 06:54:37 - Checking container 8c8b36757b46.
2024-09-30 06:54:37 - Log file for container 8c8b36757b46 has not been updated in the last 3 minutes.
2024-09-30 06:54:37 - Checking container 9158cd22f0f1.
2024-09-30 06:54:37 - Log file for container 9158cd22f0f1 has not been updated in the last 3 minutes.
2024-09-30 06:54:37 - Checking container 16d3033cd8b0.
2024-09-30 06:54:37 - Log file for container 16d3033cd8b0 has not been updated in the last 3 minutes.
2024-09-30 06:54:37 - Checking container 0de8253423c2.
2024-09-30 06:54:37 - Log file for container 0de8253423c2 has not been updated in the last 3 minutes.
2024-09-30 06:54:37 - Checking container 29a23528b7a0.
2024-09-30 06:54:37 - Log file for container 29a23528b7a0 has not been updated in the last 3 minutes.
2024-09-30 06:54:37 - Restarting Docker...
2024-09-30 06:54:46 - Script execution finished.
